{"logTime": "1124/034156", "correlationVector":"gLFPM1jH6v5Cx7vv8vbpI2.1","action":"SyncServerConnectionManagerRequest", "result":"SYNC_SERVER_OK", "context":{"environment":"Prod_southeastasia_prod-s01-065-apac-southeastasia", "migrationStage":"NotStarted", "server":"akswtt10800000m"}}
{"logTime": "1124/034156", "correlationVector":"gLFPM1jH6v5Cx7vv8vbpI2.2","action":"ProcessGetUpdates", "result":"Done", "context":{"dataType":"Encryption Keys", "deleted":"0", "process_failed_to_decrypt":"0", "process_pending_decryption":"0", "process_success":"1", "total":"1"}}
{"logTime": "1124/034159", "correlationVector":"QR67H+zWynr4oOmVcbh1pM","action":"SyncServerConnectionManagerRequest", "result":"SYNC_SERVER_OK", "context":{"environment":"", "migrationStage":"", "server":""}}
{"logTime": "1124/034159", "correlationVector":"QR67H+zWynr4oOmVcbh1pM.0","action":"EncryptionKeysFetcher.DownloadKeys:", "result":"Success", "context":Key count: 10, Last key timestamp: 2025-09-26T02:59:50Z}
{"logTime": "1124/034159", "correlationVector":"QR67H+zWynr4oOmVcbh1pM.1","action":"EncryptionKeysManager::SetEncryptionKeys:", "result":"Success", "context":Key names[10]:[Ju2tL8/QFfsOfTn9K7KgU4JJxbMz0FpVCcIS2XT1XgrGze1NmLsiQWQUm86ahcbfrxu03RRVfQvxeqz9d4tQqg==][TAVmfJ9wxGOHCnIrwbNBaMvFg3u+6vPx/UWdJjcsdKecZdfgs4RroKz191tvWYwtgm0sVbVYCvF62IJen40qhQ==][cO5nN80T4oyLRS2IIzZA654c2dcxCG9ify2uEHgJFyMJoNkrvS+ZP9sxscoINFfHnJhnniBE5QvI9RlCl4SczA==][VVwifo89CQr+DkaRu4x9g4vc2+399/M/0xPhPMY4pAOSjrV0C+isNbPTPiNuAQhGoH41dXE1t9AKzZCyHRA4wA==][gBwXmoxxlrAGboSMbPCmQw5zVtjcbjmKxMw5Un4gapk6mrcdkxHfygFxsxs4RLmQcAds/92bzwfBKLd3BexQNQ==][L46xGuo4kKqqUCp+bTwltjronvDkBLwxJehXY6K3/8s3e4qR6G5w9UqMP0FtqT6A1OOPvfQiZAKbLWEeMjT3Dw==][SsUKUfpgjHjEHEqn5yeQcV+oDbdko1iGlrjRuVCO28umSSHj32C0ocuTHj1fvPnvIP1FV6LjyYGBLovqaKjgnw==][xv22CeFlf8IAjgRsjf5xMEoNOjz7nUWgopxKLYs3bQg+zZsyeNQks3l0lyuWTZZDB1SOxuICikn5/e++jTYl3w==][RL++uS2xPH4SZV6onVzP7p+iJafCSRkIWpQ4/Sexmw6Y8NCYg6aDvXK+SWhzNkQMyoFhDriZERF5VTD/Nx9zWw==][73ggA4NnJHgrBrDkw+/3lVAR0//K9mF+4n5fqfjxVoE5dSrj46+nspYbPZ7VPrcrY+8iY+UWVeKfBcWsYgSOHg==]}
{"logTime": "1124/034159", "correlationVector":"QR67H+zWynr4oOmVcbh1pM.2","action":"EncryptionKeysManager::SetEncryptionKeysWithTimestamps:", "result":"Success", "context":Key timestamps[10]:[2023-06-19T03:36:22Z][2023-11-25T06:20:51Z][2023-12-18T17:00:02Z][2024-07-02T07:26:11Z][2024-10-19T14:04:03Z][2024-11-09T15:52:01Z][2024-12-17T02:08:10Z][2025-06-19T06:43:36Z][2025-09-21T14:55:07Z][2025-09-26T02:59:50Z]}
{"logTime": "1124/034159", "correlationVector":"gLFPM1jH6v5Cx7vv8vbpI2","action":"Initial GetUpdates", "result":"", "context":Reason: NEW_CLIENT. cV=gLFPM1jH6v5Cx7vv8vbpI2}
{"logTime": "1124/034159", "correlationVector":"gLFPM1jH6v5Cx7vv8vbpI2.3","action":"GetUpdates Response", "result":"Success", "context":Received 1 update(s). cV=gLFPM1jH6v5Cx7vv8vbpI2.0;server=akswtt10800000m;cloudType=Consumer;environment=Prod_southeastasia_prod-s01-065-apac-southeastasia;migrationStage=NotStarted}
{"logTime": "1124/034159", "correlationVector":"EsmN7bbjeSjvU56PpugogE","action":"Initial GetUpdates", "result":"", "context":Reason: NEWLY_SUPPORTED_DATATYPE. cV=EsmN7bbjeSjvU56PpugogE}
{"logTime": "1124/034159", "correlationVector":"EsmN7bbjeSjvU56PpugogE.1","action":"SyncServerConnectionManagerRequest", "result":"SYNC_SERVER_OK", "context":{"environment":"Prod_southeastasia_prod-s01-064-apac-southeastasia", "migrationStage":"NotStarted", "server":"akswtt10800000p"}}
{"logTime": "1124/034159", "correlationVector":"EsmN7bbjeSjvU56PpugogE.2","action":"ProcessGetUpdates", "result":"Done", "context":{"dataType":"Passwords", "deleted":"0", "process_failed_to_decrypt":"0", "process_pending_decryption":"0", "process_success":"241", "total":"241"}}
{"logTime": "1124/034159", "correlationVector":"EsmN7bbjeSjvU56PpugogE.3","action":"ProcessGetUpdates", "result":"Done", "context":{"dataType":"Device Info", "deleted":"0", "process_failed_to_decrypt":"0", "process_pending_decryption":"0", "process_success":"9", "total":"9"}}
{"logTime": "1124/034159", "correlationVector":"EsmN7bbjeSjvU56PpugogE.4","action":"GetUpdates Response", "result":"Success", "context":Received 250 update(s). cV=EsmN7bbjeSjvU56PpugogE.0;server=akswtt10800000p;cloudType=Consumer;environment=Prod_southeastasia_prod-s01-064-apac-southeastasia;migrationStage=NotStarted Some updates remain.}
{"logTime": "1124/034159", "correlationVector":"ZtjzoAU37YX0EHHC1GpxSq","action":"Initial GetUpdates", "result":"", "context":Reason: NEWLY_SUPPORTED_DATATYPE. cV=ZtjzoAU37YX0EHHC1GpxSq}
{"logTime": "1124/034200", "correlationVector":"ZtjzoAU37YX0EHHC1GpxSq.1","action":"SyncServerConnectionManagerRequest", "result":"SYNC_SERVER_OK", "context":{"environment":"Prod_southeastasia_prod-s01-064-apac-southeastasia", "migrationStage":"NotStarted", "server":"akswtt108000008"}}
{"logTime": "1124/034200", "correlationVector":"ZtjzoAU37YX0EHHC1GpxSq.2","action":"ProcessGetUpdates", "result":"Done", "context":{"dataType":"Passwords", "deleted":"0", "process_failed_to_decrypt":"0", "process_pending_decryption":"0", "process_success":"230", "total":"230"}}
{"logTime": "1124/034200", "correlationVector":"ZtjzoAU37YX0EHHC1GpxSq.3","action":"ProcessGetUpdates", "result":"Done", "context":{"dataType":"Device Info", "deleted":"0", "process_failed_to_decrypt":"0", "process_pending_decryption":"0", "process_success":"1", "total":"1"}}
{"logTime": "1124/034200", "correlationVector":"ZtjzoAU37YX0EHHC1GpxSq.4","action":"GetUpdates Response", "result":"Success", "context":Received 231 update(s). cV=ZtjzoAU37YX0EHHC1GpxSq.0;server=akswtt108000008;cloudType=Consumer;environment=Prod_southeastasia_prod-s01-064-apac-southeastasia;migrationStage=NotStarted}
{"logTime": "1124/034200", "correlationVector":"4kJmSuELTlGBl8HtvcD9Zq","action":"Initial GetUpdates", "result":"", "context":Reason: NEWLY_SUPPORTED_DATATYPE. cV=4kJmSuELTlGBl8HtvcD9Zq}
{"logTime": "1124/034200", "correlationVector":"4kJmSuELTlGBl8HtvcD9Zq.1","action":"SyncServerConnectionManagerRequest", "result":"SYNC_SERVER_OK", "context":{"environment":"Prod_southeastasia_prod-s01-064-apac-southeastasia", "migrationStage":"NotStarted", "server":"akswtt10800000f"}}
{"logTime": "1124/034200", "correlationVector":"4kJmSuELTlGBl8HtvcD9Zq.2","action":"ProcessGetUpdates", "result":"Done", "context":{"dataType":"Extensions", "deleted":"0", "process_failed_to_decrypt":"0", "process_pending_decryption":"0", "process_success":"17", "total":"17"}}
{"logTime": "1124/034200", "correlationVector":"4kJmSuELTlGBl8HtvcD9Zq.3","action":"ProcessGetUpdates", "result":"Done", "context":{"dataType":"Extension settings", "deleted":"0", "process_failed_to_decrypt":"0", "process_pending_decryption":"0", "process_success":"11", "total":"11"}}
{"logTime": "1124/034200", "correlationVector":"4kJmSuELTlGBl8HtvcD9Zq.4","action":"GetUpdates Response", "result":"Success", "context":Received 28 update(s). cV=4kJmSuELTlGBl8HtvcD9Zq.0;server=akswtt10800000f;cloudType=Consumer;environment=Prod_southeastasia_prod-s01-064-apac-southeastasia;migrationStage=NotStarted}
{"logTime": "1124/034201", "correlationVector":"1sdf4D73HK9eDD6xR/DyO1","action":"Initial GetUpdates", "result":"", "context":Reason: RECONFIGURATION. cV=1sdf4D73HK9eDD6xR/DyO1}
{"logTime": "1124/034201", "correlationVector":"1sdf4D73HK9eDD6xR/DyO1.1","action":"SyncServerConnectionManagerRequest", "result":"SYNC_SERVER_OK", "context":{"environment":"Prod_southeastasia_prod-s01-064-apac-southeastasia", "migrationStage":"NotStarted", "server":"akswtt10800000d"}}
{"logTime": "1124/034201", "correlationVector":"1sdf4D73HK9eDD6xR/DyO1.2","action":"ProcessGetUpdates", "result":"Done", "context":{"dataType":"Preferences", "deleted":"0", "process_failed_to_decrypt":"0", "process_pending_decryption":"0", "process_success":"75", "total":"75"}}
{"logTime": "1124/034201", "correlationVector":"1sdf4D73HK9eDD6xR/DyO1.3","action":"ProcessGetUpdates", "result":"Done", "context":{"dataType":"Passwords", "deleted":"0", "process_failed_to_decrypt":"0", "process_pending_decryption":"0", "process_success":"166", "total":"166"}}
{"logTime": "1124/034201", "correlationVector":"1sdf4D73HK9eDD6xR/DyO1.4","action":"ProcessGetUpdates", "result":"Done", "context":{"dataType":"Device Info", "deleted":"0", "process_failed_to_decrypt":"0", "process_pending_decryption":"0", "process_success":"9", "total":"9"}}
{"logTime": "1124/034201", "correlationVector":"1sdf4D73HK9eDD6xR/DyO1.5","action":"GetUpdates Response", "result":"Success", "context":Received 250 update(s). cV=1sdf4D73HK9eDD6xR/DyO1.0;server=akswtt10800000d;cloudType=Consumer;environment=Prod_southeastasia_prod-s01-064-apac-southeastasia;migrationStage=NotStarted Some updates remain.}
{"logTime": "1124/034201", "correlationVector":"pekm5SFZaVMJhbyT9NjegH","action":"Initial GetUpdates", "result":"", "context":Reason: RECONFIGURATION. cV=pekm5SFZaVMJhbyT9NjegH}
{"logTime": "1124/034202", "correlationVector":"pekm5SFZaVMJhbyT9NjegH.1","action":"SyncServerConnectionManagerRequest", "result":"SYNC_SERVER_OK", "context":{"environment":"Prod_southeastasia_prod-s01-064-apac-southeastasia", "migrationStage":"NotStarted", "server":"akswtt10800000i"}}
{"logTime": "1124/034202", "correlationVector":"pekm5SFZaVMJhbyT9NjegH.2","action":"ProcessGetUpdates", "result":"Done", "context":{"dataType":"Passwords", "deleted":"0", "process_failed_to_decrypt":"0", "process_pending_decryption":"0", "process_success":"250", "total":"250"}}
{"logTime": "1124/034202", "correlationVector":"pekm5SFZaVMJhbyT9NjegH.3","action":"GetUpdates Response", "result":"Success", "context":Received 250 update(s). cV=pekm5SFZaVMJhbyT9NjegH.0;server=akswtt10800000i;cloudType=Consumer;environment=Prod_southeastasia_prod-s01-064-apac-southeastasia;migrationStage=NotStarted Some updates remain.}
{"logTime": "1124/034202", "correlationVector":"9n0qajE21/BIOScRLL/6tT","action":"Initial GetUpdates", "result":"", "context":Reason: RECONFIGURATION. cV=9n0qajE21/BIOScRLL/6tT}
{"logTime": "1124/034202", "correlationVector":"9n0qajE21/BIOScRLL/6tT.1","action":"SyncServerConnectionManagerRequest", "result":"SYNC_SERVER_OK", "context":{"environment":"Prod_southeastasia_prod-s01-064-apac-southeastasia", "migrationStage":"NotStarted", "server":"akswtt10800000a"}}
{"logTime": "1124/034202", "correlationVector":"9n0qajE21/BIOScRLL/6tT.2","action":"ProcessGetUpdates", "result":"Done", "context":{"dataType":"Preferences", "deleted":"0", "process_failed_to_decrypt":"0", "process_pending_decryption":"0", "process_success":"5", "total":"5"}}
{"logTime": "1124/034202", "correlationVector":"9n0qajE21/BIOScRLL/6tT.3","action":"ProcessGetUpdates", "result":"Done", "context":{"dataType":"Passwords", "deleted":"0", "process_failed_to_decrypt":"0", "process_pending_decryption":"0", "process_success":"55", "total":"55"}}
{"logTime": "1124/034202", "correlationVector":"9n0qajE21/BIOScRLL/6tT.4","action":"ProcessGetUpdates", "result":"Done", "context":{"dataType":"Device Info", "deleted":"0", "process_failed_to_decrypt":"0", "process_pending_decryption":"0", "process_success":"1", "total":"1"}}
{"logTime": "1124/034202", "correlationVector":"9n0qajE21/BIOScRLL/6tT.5","action":"GetUpdates Response", "result":"Success", "context":Received 61 update(s). cV=9n0qajE21/BIOScRLL/6tT.0;server=akswtt10800000a;cloudType=Consumer;environment=Prod_southeastasia_prod-s01-064-apac-southeastasia;migrationStage=NotStarted}
{"logTime": "1124/034202", "correlationVector":"PEnvCY6QDmUa7SLf+gS8CZ","action":"Initial GetUpdates", "result":"", "context":Reason: RECONFIGURATION. cV=PEnvCY6QDmUa7SLf+gS8CZ}
{"logTime": "1124/034203", "correlationVector":"PEnvCY6QDmUa7SLf+gS8CZ.1","action":"SyncServerConnectionManagerRequest", "result":"SYNC_SERVER_OK", "context":{"environment":"Prod_southeastasia_prod-s01-064-apac-southeastasia", "migrationStage":"NotStarted", "server":"akswtt10800000i"}}
{"logTime": "1124/034203", "correlationVector":"PEnvCY6QDmUa7SLf+gS8CZ.2","action":"ProcessGetUpdates", "result":"Done", "context":{"dataType":"Bookmarks", "deleted":"0", "process_failed_to_decrypt":"0", "process_pending_decryption":"0", "process_success":"33", "total":"33"}}
{"logTime": "1124/034203", "correlationVector":"PEnvCY6QDmUa7SLf+gS8CZ.3","action":"GetUpdates Response", "result":"Success", "context":Received 33 update(s). cV=PEnvCY6QDmUa7SLf+gS8CZ.0;server=akswtt10800000i;cloudType=Consumer;environment=Prod_southeastasia_prod-s01-064-apac-southeastasia;migrationStage=NotStarted}
{"logTime": "1124/034203", "correlationVector":"dfJ6h0XFNi1CXEDDL57F6d","action":"Initial GetUpdates", "result":"", "context":Reason: RECONFIGURATION. cV=dfJ6h0XFNi1CXEDDL57F6d}
{"logTime": "1124/034203", "correlationVector":"dfJ6h0XFNi1CXEDDL57F6d.1","action":"SyncServerConnectionManagerRequest", "result":"SYNC_SERVER_OK", "context":{"environment":"Prod_southeastasia_prod-s01-064-apac-southeastasia", "migrationStage":"NotStarted", "server":"akswtt10800000s"}}
{"logTime": "1124/034203", "correlationVector":"dfJ6h0XFNi1CXEDDL57F6d.2","action":"ProcessGetUpdates", "result":"Done", "context":{"dataType":"Autofill Profiles", "deleted":"0", "process_failed_to_decrypt":"0", "process_pending_decryption":"0", "process_success":"2", "total":"2"}}
{"logTime": "1124/034203", "correlationVector":"dfJ6h0XFNi1CXEDDL57F6d.3","action":"ProcessGetUpdates", "result":"Done", "context":{"dataType":"Autofill", "deleted":"0", "process_failed_to_decrypt":"0", "process_pending_decryption":"0", "process_success":"34", "total":"34"}}
{"logTime": "1124/034203", "correlationVector":"dfJ6h0XFNi1CXEDDL57F6d.4","action":"ProcessGetUpdates", "result":"Done", "context":{"dataType":"Extensions", "deleted":"0", "process_failed_to_decrypt":"0", "process_pending_decryption":"0", "process_success":"17", "total":"17"}}
{"logTime": "1124/034203", "correlationVector":"dfJ6h0XFNi1CXEDDL57F6d.5","action":"ProcessGetUpdates", "result":"Done", "context":{"dataType":"Sessions", "deleted":"17", "process_failed_to_decrypt":"0", "process_pending_decryption":"0", "process_success":"21", "total":"21"}}
{"logTime": "1124/034203", "correlationVector":"dfJ6h0XFNi1CXEDDL57F6d.6","action":"ProcessGetUpdates", "result":"Done", "context":{"dataType":"Extension settings", "deleted":"0", "process_failed_to_decrypt":"0", "process_pending_decryption":"0", "process_success":"11", "total":"11"}}
{"logTime": "1124/034203", "correlationVector":"dfJ6h0XFNi1CXEDDL57F6d.7","action":"ProcessGetUpdates", "result":"Done", "context":{"dataType":"Edge Hub App Usage", "deleted":"2", "process_failed_to_decrypt":"0", "process_pending_decryption":"0", "process_success":"7", "total":"7"}}
{"logTime": "1124/034203", "correlationVector":"dfJ6h0XFNi1CXEDDL57F6d.8","action":"GetUpdates Response", "result":"Success", "context":Received 92 update(s). cV=dfJ6h0XFNi1CXEDDL57F6d.0;server=akswtt10800000s;cloudType=Consumer;environment=Prod_southeastasia_prod-s01-064-apac-southeastasia;migrationStage=NotStarted}
{"logTime": "1124/034203", "correlationVector":"6F6FZd7DG1xnAcdRUkDwfG","action":"Initial GetUpdates", "result":"", "context":Reason: RECONFIGURATION. cV=6F6FZd7DG1xnAcdRUkDwfG}
{"logTime": "1124/034203", "correlationVector":"6F6FZd7DG1xnAcdRUkDwfG.1","action":"SyncServerConnectionManagerRequest", "result":"SYNC_SERVER_OK", "context":{"environment":"Prod_southeastasia_prod-s01-064-apac-southeastasia", "migrationStage":"NotStarted", "server":"akswtt108000008"}}
{"logTime": "1124/034203", "correlationVector":"6F6FZd7DG1xnAcdRUkDwfG.2","action":"ProcessGetUpdates", "result":"Done", "context":{"dataType":"History", "deleted":"0", "process_failed_to_decrypt":"0", "process_pending_decryption":"0", "process_success":"7", "total":"7"}}
{"logTime": "1124/034203", "correlationVector":"6F6FZd7DG1xnAcdRUkDwfG.3","action":"GetUpdates Response", "result":"Success", "context":Received 7 update(s). cV=6F6FZd7DG1xnAcdRUkDwfG.0;server=akswtt108000008;cloudType=Consumer;environment=Prod_southeastasia_prod-s01-064-apac-southeastasia;migrationStage=NotStarted}
{"logTime": "1124/034203", "correlationVector":"Zrsvj+Xr2Jqyhp6ksoAQA9","action":"Normal GetUpdate request", "result":"", "context":cV=Zrsvj+Xr2Jqyhp6ksoAQA9
Nudged types: Bookmarks, Preferences, Passwords, Autofill, Sessions, Device Info
Refresh requested types: Bookmarks, Preferences, Passwords, Autofill Profiles, Autofill, Extensions, Sessions, Extension settings, History Delete Directives, Device Info, User Consents, Send Tab To Self, Web Apps, History, Saved Tab Group, WebAuthn Credentials, Collection, Edge E Drop, Edge Hub App Usage, Edge Wallet, Encryption Keys}
{"logTime": "1124/034204", "correlationVector":"Zrsvj+Xr2Jqyhp6ksoAQA9.1","action":"SyncServerConnectionManagerRequest", "result":"SYNC_SERVER_OK", "context":{"environment":"Prod_southeastasia_prod-s01-064-apac-southeastasia", "migrationStage":"NotStarted", "server":"akswtt10800000h"}}
{"logTime": "1124/034204", "correlationVector":"Zrsvj+Xr2Jqyhp6ksoAQA9.2","action":"GetUpdates Response", "result":"Success", "context":Received 0 update(s). cV=Zrsvj+Xr2Jqyhp6ksoAQA9.0;server=akswtt10800000h;cloudType=Consumer;environment=Prod_southeastasia_prod-s01-064-apac-southeastasia;migrationStage=NotStarted}
{"logTime": "1124/034204", "correlationVector":"DK+BP1dzQGBjXAQZFp49n3","action":"Commit Request", "result":"", "context":Item count: 40
Contributing types: Bookmarks, Preferences, Passwords, Autofill, Device Info}
{"logTime": "1124/034207", "correlationVector":"DK+BP1dzQGBjXAQZFp49n3.1","action":"SyncServerConnectionManagerRequest", "result":"SYNC_SERVER_OK", "context":{"environment":"Prod_southeastasia_prod-s01-064-apac-southeastasia", "migrationStage":"NotStarted", "server":"akswtt108000005"}}
{"logTime": "1124/034207", "correlationVector":"DK+BP1dzQGBjXAQZFp49n3.2","action":"Commit Response", "result":"Success", "context":Result: Success. cV=DK+BP1dzQGBjXAQZFp49n3.0;server=akswtt108000005;cloudType=Consumer;environment=Prod_southeastasia_prod-s01-064-apac-southeastasia;migrationStage=NotStarted}
{"logTime": "1124/034207", "correlationVector":"+L3jziUVu80iSDFORsSryV","action":"Commit Request", "result":"", "context":Item count: 40
Contributing types: Autofill}
{"logTime": "1124/034210", "correlationVector":"+L3jziUVu80iSDFORsSryV.1","action":"SyncServerConnectionManagerRequest", "result":"SYNC_SERVER_OK", "context":{"environment":"Prod_southeastasia_prod-s01-064-apac-southeastasia", "migrationStage":"NotStarted", "server":"akswtt108000008"}}
{"logTime": "1124/034210", "correlationVector":"+L3jziUVu80iSDFORsSryV.2","action":"Commit Response", "result":"Success", "context":Result: Success. cV=+L3jziUVu80iSDFORsSryV.0;server=akswtt108000008;cloudType=Consumer;environment=Prod_southeastasia_prod-s01-064-apac-southeastasia;migrationStage=NotStarted}
{"logTime": "1124/034210", "correlationVector":"HpIb533dFGWMMsZ2kiwn06","action":"Commit Request", "result":"", "context":Item count: 40
Contributing types: Autofill}
{"logTime": "1124/034212", "correlationVector":"HpIb533dFGWMMsZ2kiwn06.1","action":"SyncServerConnectionManagerRequest", "result":"SYNC_SERVER_OK", "context":{"environment":"Prod_southeastasia_prod-s01-064-apac-southeastasia", "migrationStage":"NotStarted", "server":"akswtt10800000d"}}
{"logTime": "1124/034212", "correlationVector":"HpIb533dFGWMMsZ2kiwn06.2","action":"Commit Response", "result":"Success", "context":Result: Success. cV=HpIb533dFGWMMsZ2kiwn06.0;server=akswtt10800000d;cloudType=Consumer;environment=Prod_southeastasia_prod-s01-064-apac-southeastasia;migrationStage=NotStarted}
{"logTime": "1124/034212", "correlationVector":"PdEcmmXtaM1SsEYqBW7XHY","action":"Commit Request", "result":"", "context":Item count: 40
Contributing types: Autofill}
{"logTime": "1124/034215", "correlationVector":"PdEcmmXtaM1SsEYqBW7XHY.1","action":"SyncServerConnectionManagerRequest", "result":"SYNC_SERVER_OK", "context":{"environment":"Prod_southeastasia_prod-s01-064-apac-southeastasia", "migrationStage":"NotStarted", "server":"akswtt10800000e"}}
{"logTime": "1124/034215", "correlationVector":"PdEcmmXtaM1SsEYqBW7XHY.2","action":"Commit Response", "result":"Success", "context":Result: Success. cV=PdEcmmXtaM1SsEYqBW7XHY.0;server=akswtt10800000e;cloudType=Consumer;environment=Prod_southeastasia_prod-s01-064-apac-southeastasia;migrationStage=NotStarted}
{"logTime": "1124/034215", "correlationVector":"i3Iw6YuNwz7QChQ8iWMWUc","action":"Commit Request", "result":"", "context":Item count: 40
Contributing types: Autofill}
{"logTime": "1124/034218", "correlationVector":"i3Iw6YuNwz7QChQ8iWMWUc.1","action":"SyncServerConnectionManagerRequest", "result":"SYNC_SERVER_OK", "context":{"environment":"Prod_southeastasia_prod-s01-064-apac-southeastasia", "migrationStage":"NotStarted", "server":"akswtt10800000i"}}
{"logTime": "1124/034218", "correlationVector":"i3Iw6YuNwz7QChQ8iWMWUc.2","action":"Commit Response", "result":"Success", "context":Result: Success. cV=i3Iw6YuNwz7QChQ8iWMWUc.0;server=akswtt10800000i;cloudType=Consumer;environment=Prod_southeastasia_prod-s01-064-apac-southeastasia;migrationStage=NotStarted}
{"logTime": "1124/034218", "correlationVector":"F95YXvsUCH5kNFSff0WoSs","action":"Commit Request", "result":"", "context":Item count: 40
Contributing types: Autofill}
{"logTime": "1124/034220", "correlationVector":"F95YXvsUCH5kNFSff0WoSs.1","action":"SyncServerConnectionManagerRequest", "result":"SYNC_SERVER_OK", "context":{"environment":"Prod_southeastasia_prod-s01-064-apac-southeastasia", "migrationStage":"NotStarted", "server":"akswtt10800000f"}}
{"logTime": "1124/034220", "correlationVector":"F95YXvsUCH5kNFSff0WoSs.2","action":"Commit Response", "result":"Success", "context":Result: Success. cV=F95YXvsUCH5kNFSff0WoSs.0;server=akswtt10800000f;cloudType=Consumer;environment=Prod_southeastasia_prod-s01-064-apac-southeastasia;migrationStage=NotStarted}
{"logTime": "1124/034220", "correlationVector":"QgCdj9+HQtnhz3FzGeYFfs","action":"Commit Request", "result":"", "context":Item count: 40
Contributing types: Autofill}
{"logTime": "1124/034223", "correlationVector":"QgCdj9+HQtnhz3FzGeYFfs.1","action":"SyncServerConnectionManagerRequest", "result":"SYNC_SERVER_OK", "context":{"environment":"Prod_southeastasia_prod-s01-064-apac-southeastasia", "migrationStage":"NotStarted", "server":"akswtt10800000s"}}
{"logTime": "1124/034223", "correlationVector":"QgCdj9+HQtnhz3FzGeYFfs.2","action":"Commit Response", "result":"Success", "context":Result: Success. cV=QgCdj9+HQtnhz3FzGeYFfs.0;server=akswtt10800000s;cloudType=Consumer;environment=Prod_southeastasia_prod-s01-064-apac-southeastasia;migrationStage=NotStarted}
{"logTime": "1124/034223", "correlationVector":"/FYTHThS2cI/IPdv9PyY1a","action":"Commit Request", "result":"", "context":Item count: 40
Contributing types: Preferences, Autofill}
{"logTime": "1124/034225", "correlationVector":"/FYTHThS2cI/IPdv9PyY1a.1","action":"SyncServerConnectionManagerRequest", "result":"SYNC_SERVER_OK", "context":{"environment":"Prod_southeastasia_prod-s01-064-apac-southeastasia", "migrationStage":"NotStarted", "server":"akswtt108000004"}}
{"logTime": "1124/034225", "correlationVector":"/FYTHThS2cI/IPdv9PyY1a.2","action":"Commit Response", "result":"Success", "context":Result: Success. cV=/FYTHThS2cI/IPdv9PyY1a.0;server=akswtt108000004;cloudType=Consumer;environment=Prod_southeastasia_prod-s01-064-apac-southeastasia;migrationStage=NotStarted}
{"logTime": "1124/034226", "correlationVector":"Jp0Pfx9gIAlndWBfxw1I7N","action":"Commit Request", "result":"", "context":Item count: 21
Contributing types: Autofill, Extensions, Sessions, History}
{"logTime": "1124/034227", "correlationVector":"Jp0Pfx9gIAlndWBfxw1I7N.1","action":"SyncServerConnectionManagerRequest", "result":"SYNC_SERVER_OK", "context":{"environment":"Prod_southeastasia_prod-s01-064-apac-southeastasia", "migrationStage":"NotStarted", "server":"akswtt10800000i"}}
{"logTime": "1124/034227", "correlationVector":"Jp0Pfx9gIAlndWBfxw1I7N.2","action":"Commit Response", "result":"Success", "context":Result: Success. cV=Jp0Pfx9gIAlndWBfxw1I7N.0;server=akswtt10800000i;cloudType=Consumer;environment=Prod_southeastasia_prod-s01-064-apac-southeastasia;migrationStage=NotStarted}
{"logTime": "1124/034228", "correlationVector":"7JLrJmCix0uDyf9dvozJ5r","action":"Commit Request", "result":"", "context":Item count: 3
Contributing types: Sessions, History}
{"logTime": "1124/034228", "correlationVector":"7JLrJmCix0uDyf9dvozJ5r.1","action":"SyncServerConnectionManagerRequest", "result":"SYNC_SERVER_OK", "context":{"environment":"Prod_southeastasia_prod-s01-064-apac-southeastasia", "migrationStage":"NotStarted", "server":"akswtt10800000p"}}
{"logTime": "1124/034228", "correlationVector":"7JLrJmCix0uDyf9dvozJ5r.2","action":"Commit Response", "result":"Success", "context":Result: Success. cV=7JLrJmCix0uDyf9dvozJ5r.0;server=akswtt10800000p;cloudType=Consumer;environment=Prod_southeastasia_prod-s01-064-apac-southeastasia;migrationStage=NotStarted}
{"logTime": "1124/034256", "correlationVector":"YCRQzuCvHm5OsMlCExq671","action":"Commit Request", "result":"", "context":Item count: 40
Contributing types: Passwords}
{"logTime": "1124/034259", "correlationVector":"YCRQzuCvHm5OsMlCExq671.1","action":"SyncServerConnectionManagerRequest", "result":"SYNC_SERVER_OK", "context":{"environment":"Prod_southeastasia_prod-s01-064-apac-southeastasia", "migrationStage":"NotStarted", "server":"akswtt108000002"}}
{"logTime": "1124/034259", "correlationVector":"YCRQzuCvHm5OsMlCExq671.2","action":"Commit Response", "result":"Success", "context":Result: Success. cV=YCRQzuCvHm5OsMlCExq671.0;server=akswtt108000002;cloudType=Consumer;environment=Prod_southeastasia_prod-s01-064-apac-southeastasia;migrationStage=NotStarted}
{"logTime": "1124/034259", "correlationVector":"bUGO20wZnVxuP0stBZBzdW","action":"Commit Request", "result":"", "context":Item count: 40
Contributing types: Passwords}
{"logTime": "1124/034301", "correlationVector":"bUGO20wZnVxuP0stBZBzdW.1","action":"SyncServerConnectionManagerRequest", "result":"SYNC_SERVER_OK", "context":{"environment":"Prod_southeastasia_prod-s01-064-apac-southeastasia", "migrationStage":"NotStarted", "server":"akswtt10800000d"}}
{"logTime": "1124/034301", "correlationVector":"bUGO20wZnVxuP0stBZBzdW.2","action":"Commit Response", "result":"Success", "context":Result: Success. cV=bUGO20wZnVxuP0stBZBzdW.0;server=akswtt10800000d;cloudType=Consumer;environment=Prod_southeastasia_prod-s01-064-apac-southeastasia;migrationStage=NotStarted}
{"logTime": "1124/034301", "correlationVector":"7MpKrJV3C35zda159DrMza","action":"Commit Request", "result":"", "context":Item count: 40
Contributing types: Passwords}
{"logTime": "1124/034302", "correlationVector":"7MpKrJV3C35zda159DrMza","action":"SyncServerConnectionManagerRequest", "result":"CONNECTION_UNAVAILABLE", "context":{"error_type":"net_error_code", "error_value":"-3"}}
