2025-11-22 18:21:29.940: [INFO][Sync] Reset engine, reason: 8
2025-11-22 18:21:29.940: [INFO][Sync] Stopped: Bookmarks
2025-11-22 18:21:29.940: [INFO][Sync] Stopped: Preferences
2025-11-22 18:21:29.940: [INFO][Sync] Stopped: Passwords
2025-11-22 18:21:29.940: [INFO][Sync] Stopped: Autofill Profiles
2025-11-22 18:21:29.940: [INFO][Sync] Stopped: Autofill
2025-11-22 18:21:29.940: [INFO][Sync] Stopped: Extensions
2025-11-22 18:21:29.940: [INFO][Sync] Stopped: Sessions
2025-11-22 18:21:29.940: [INFO][Sync] Stopped: Extension settings
2025-11-22 18:21:29.940: [INFO][Sync] Stopped: History Delete Directives
2025-11-22 18:21:29.940: [INFO][Sync] Stopped: Device Info
2025-11-22 18:21:29.940: [INFO][Sync] Stopped: User Consents
2025-11-22 18:21:29.940: [INFO][Sync] Stopped: Send Tab To Self
2025-11-22 18:21:29.940: [INFO][Sync] Stopped: Web Apps
2025-11-22 18:21:29.940: [INFO][Sync] Stopped: History
2025-11-22 18:21:29.940: [INFO][Sync] Stopped: Saved Tab Group
2025-11-22 18:21:29.940: [INFO][Sync] Stopped: WebAuthn Credentials
2025-11-22 18:21:29.940: [INFO][Sync] Stopped: Collection
2025-11-22 18:21:29.940: [INFO][Sync] Stopped: Edge E Drop
2025-11-22 18:21:29.940: [INFO][Sync] Stopped: Edge Hub App Usage
2025-11-22 18:21:29.940: [INFO][Sync] Stopped: Edge Wallet
2025-11-22 18:21:29.940: [INFO][Sync] SyncState after authenticated was: NotSignedIn
2025-11-22 18:21:53.647: [INFO][Sync] Reset engine, reason: 8
2025-11-22 18:21:53.647: [INFO][Sync] Stopped: Bookmarks
2025-11-22 18:21:53.647: [INFO][Sync] Stopped: Preferences
2025-11-22 18:21:53.647: [INFO][Sync] Stopped: Passwords
2025-11-22 18:21:53.647: [INFO][Sync] Stopped: Autofill Profiles
2025-11-22 18:21:53.647: [INFO][Sync] Stopped: Autofill
2025-11-22 18:21:53.647: [INFO][Sync] Stopped: Extensions
2025-11-22 18:21:53.647: [INFO][Sync] Stopped: Sessions
2025-11-22 18:21:53.647: [INFO][Sync] Stopped: Extension settings
2025-11-22 18:21:53.647: [INFO][Sync] Stopped: History Delete Directives
2025-11-22 18:21:53.647: [INFO][Sync] Stopped: Device Info
2025-11-22 18:21:53.647: [INFO][Sync] Stopped: User Consents
2025-11-22 18:21:53.647: [INFO][Sync] Stopped: Send Tab To Self
2025-11-22 18:21:53.647: [INFO][Sync] Stopped: Web Apps
2025-11-22 18:21:53.647: [INFO][Sync] Stopped: History
2025-11-22 18:21:53.647: [INFO][Sync] Stopped: Saved Tab Group
2025-11-22 18:21:53.647: [INFO][Sync] Stopped: WebAuthn Credentials
2025-11-22 18:21:53.647: [INFO][Sync] Stopped: Collection
2025-11-22 18:21:53.647: [INFO][Sync] Stopped: Edge E Drop
2025-11-22 18:21:53.647: [INFO][Sync] Stopped: Edge Hub App Usage
2025-11-22 18:21:53.647: [INFO][Sync] Stopped: Edge Wallet
2025-11-22 18:21:53.647: [INFO][Sync] SyncState after authenticated was: NotSignedIn
2025-11-24 03:41:52.560: [INFO][Sync] Reset engine, reason: 8
2025-11-24 03:41:52.560: [INFO][Sync] Stopped: Bookmarks
2025-11-24 03:41:52.560: [INFO][Sync] Stopped: Preferences
2025-11-24 03:41:52.560: [INFO][Sync] Stopped: Passwords
2025-11-24 03:41:52.560: [INFO][Sync] Stopped: Autofill Profiles
2025-11-24 03:41:52.560: [INFO][Sync] Stopped: Autofill
2025-11-24 03:41:52.560: [INFO][Sync] Stopped: Extensions
2025-11-24 03:41:52.560: [INFO][Sync] Stopped: Sessions
2025-11-24 03:41:52.560: [INFO][Sync] Stopped: Extension settings
2025-11-24 03:41:52.560: [INFO][Sync] Stopped: History Delete Directives
2025-11-24 03:41:52.560: [INFO][Sync] Stopped: Device Info
2025-11-24 03:41:52.560: [INFO][Sync] Stopped: User Consents
2025-11-24 03:41:52.560: [INFO][Sync] Stopped: Send Tab To Self
2025-11-24 03:41:52.560: [INFO][Sync] Stopped: Web Apps
2025-11-24 03:41:52.560: [INFO][Sync] Stopped: History
2025-11-24 03:41:52.560: [INFO][Sync] Stopped: Saved Tab Group
2025-11-24 03:41:52.560: [INFO][Sync] Stopped: WebAuthn Credentials
2025-11-24 03:41:52.560: [INFO][Sync] Stopped: Collection
2025-11-24 03:41:52.560: [INFO][Sync] Stopped: Edge E Drop
2025-11-24 03:41:52.560: [INFO][Sync] Stopped: Edge Hub App Usage
2025-11-24 03:41:52.560: [INFO][Sync] Stopped: Edge Wallet
2025-11-24 03:41:52.560: [INFO][Sync] SyncState after authenticated was: NotSignedIn
2025-11-24 03:41:53.129: [INFO][Sync] Reset engine, reason: 8
2025-11-24 03:41:53.129: [INFO][Sync] Stopped: Bookmarks
2025-11-24 03:41:53.129: [INFO][Sync] Stopped: Preferences
2025-11-24 03:41:53.129: [INFO][Sync] Stopped: Passwords
2025-11-24 03:41:53.129: [INFO][Sync] Stopped: Autofill Profiles
2025-11-24 03:41:53.129: [INFO][Sync] Stopped: Autofill
2025-11-24 03:41:53.129: [INFO][Sync] Stopped: Extensions
2025-11-24 03:41:53.129: [INFO][Sync] Stopped: Sessions
2025-11-24 03:41:53.129: [INFO][Sync] Stopped: Extension settings
2025-11-24 03:41:53.130: [INFO][Sync] Stopped: History Delete Directives
2025-11-24 03:41:53.130: [INFO][Sync] Stopped: Device Info
2025-11-24 03:41:53.130: [INFO][Sync] Stopped: User Consents
2025-11-24 03:41:53.130: [INFO][Sync] Stopped: Send Tab To Self
2025-11-24 03:41:53.130: [INFO][Sync] Stopped: Web Apps
2025-11-24 03:41:53.130: [INFO][Sync] Stopped: History
2025-11-24 03:41:53.130: [INFO][Sync] Stopped: Saved Tab Group
2025-11-24 03:41:53.130: [INFO][Sync] Stopped: WebAuthn Credentials
2025-11-24 03:41:53.130: [INFO][Sync] Stopped: Collection
2025-11-24 03:41:53.130: [INFO][Sync] Stopped: Edge E Drop
2025-11-24 03:41:53.130: [INFO][Sync] Stopped: Edge Hub App Usage
2025-11-24 03:41:53.130: [INFO][Sync] Stopped: Edge Wallet
2025-11-24 03:41:53.624: [INFO][Sync] Try to start sync engine
2025-11-24 03:41:53.627: [INFO][SyncManagerImpl::NudgeForInitialDownload] Initial download nudge for Encryption Keys
2025-11-24 03:41:53.627: [INFO][SyncEngineBackend::LoadAndConnectNigoriController] Load and connect Nigori controller
2025-11-24 03:41:53.627: [INFO][SyncEngineBackend::DoInitialize] Control Types added: Encryption Keys
2025-11-24 03:41:53.627: [INFO][SyncManagerImpl::ConfigureSyncer] Types to download: Encryption Keys with reason: 3
2025-11-24 03:41:53.628: [INFO][SyncSchedulerImpl::DoConfigurationSyncCycleJob] Configure job was blocked
2025-11-24 03:41:53.954: [INFO][SyncAuthManager::SetLastAuthError] Current auth error: None
2025-11-24 03:41:53.954: [INFO][SyncAuthManager::EdgeLogTokenErrorState] Token error with: None for account type: MSA
2025-11-24 03:41:53.954: [INFO][Sync] Credentials changed for: EdgeSyncScopeNew
2025-11-24 03:41:55.587: [INFO][SyncAuthManager::SetLastAuthError] Current auth error: None
2025-11-24 03:41:55.587: [INFO][SyncAuthManager::EdgeLogTokenErrorState] Token error with: None for account type: MSA
2025-11-24 03:41:55.587: [INFO][Sync] Credentials changed for: EdgeSyncKeyDataScope
2025-11-24 03:41:55.587: [INFO][SyncEngineBackend::DoUpdateKeyDataCredentials] Update key data credentials
2025-11-24 03:41:55.587: [INFO][SyncEngineBackend::DoUpdateCredentials] Update credentials
2025-11-24 03:41:55.587: [INFO][SyncSchedulerImpl::DoConfigurationSyncCycleJob] Blocked types:  and types to download: Encryption Keys
2025-11-24 03:41:56.380: [INFO][Sync] Started DataTypeManager configuration, reason: 4
2025-11-24 03:41:56.381: [INFO][Sync] Configuring for: Passwords, Extensions, Extension settings, Device Info, User Consents, Send Tab To Self, Web Apps, Saved Tab Group, WebAuthn Credentials, Encryption Keys, reason: 3, current state: 0
2025-11-24 03:41:56.381: [WARN][Sync] Crypto error data types: Passwords
2025-11-24 03:41:56.383: [INFO][Sync] Configure, desired: Extensions, Extension settings, Device Info, User Consents, Send Tab To Self, Web Apps, Saved Tab Group, WebAuthn Credentials, Encryption Keys; Allow fail: Passwords
2025-11-24 03:41:56.384: [INFO][Sync] Loading: Extensions
2025-11-24 03:41:56.384: [INFO][Sync] Loading: Extension settings
2025-11-24 03:41:56.384: [INFO][Sync] Loading: Device Info
2025-11-24 03:41:56.384: [INFO][Sync] Loading: User Consents
2025-11-24 03:41:56.384: [INFO][Sync] Loading: Send Tab To Self
2025-11-24 03:41:56.384: [INFO][Sync] Loading: Web Apps
2025-11-24 03:41:56.384: [INFO][Sync] Loading: Saved Tab Group
2025-11-24 03:41:56.384: [INFO][Sync] Loading: WebAuthn Credentials
2025-11-24 03:41:58.690: [INFO][Sync] All data types are ready for configure.
2025-11-24 03:41:59.104: [INFO][SyncEngineBackend::DoStartConfiguration] Start configuration
2025-11-24 03:41:59.104: [INFO][SyncManagerImpl::NudgeForInitialDownload] Initial download nudge for Extensions
2025-11-24 03:41:59.104: [INFO][SyncManagerImpl::NudgeForInitialDownload] Initial download nudge for Extension settings
2025-11-24 03:41:59.105: [INFO][SyncManagerImpl::NudgeForInitialDownload] Initial download nudge for Device Info
2025-11-24 03:41:59.105: [INFO][SyncManagerImpl::NudgeForInitialDownload] Initial download nudge for Send Tab To Self
2025-11-24 03:41:59.105: [INFO][SyncManagerImpl::NudgeForInitialDownload] Initial download nudge for Web Apps
2025-11-24 03:41:59.105: [INFO][SyncManagerImpl::NudgeForInitialDownload] Initial download nudge for Saved Tab Group
2025-11-24 03:41:59.105: [INFO][SyncManagerImpl::NudgeForInitialDownload] Initial download nudge for WebAuthn Credentials
2025-11-24 03:41:59.105: [INFO][SyncManagerImpl::ConfigureSyncer] Types to download:  with reason: 3
2025-11-24 03:41:59.105: [INFO][SyncEngineBackend::DoFinishConfigureDataTypes] Failed to download types:  and succeeded types: 
2025-11-24 03:41:59.130: [INFO][Sync] Started DataTypeManager configuration, reason: 5
2025-11-24 03:41:59.131: [INFO][Sync] Configuring for: Passwords, Extensions, Extension settings, Device Info, User Consents, Send Tab To Self, Web Apps, Saved Tab Group, WebAuthn Credentials, Encryption Keys, reason: 5, current state: 1
2025-11-24 03:41:59.134: [INFO][Sync] ConfigurationDone, failed: , succeeded: , remaining count: 2
2025-11-24 03:41:59.134: [WARN][Sync]     Reconfigure requested while configuration ongoing.
2025-11-24 03:41:59.134: [INFO][Sync] Configuring for: Passwords, Extensions, Extension settings, Device Info, User Consents, Send Tab To Self, Web Apps, Saved Tab Group, WebAuthn Credentials, Encryption Keys, reason: 5, current state: 2
2025-11-24 03:41:59.134: [INFO][Sync] Configure, desired: Passwords, Extensions, Extension settings, Device Info, User Consents, Send Tab To Self, Web Apps, Saved Tab Group, WebAuthn Credentials, Encryption Keys; Allow fail: 
2025-11-24 03:41:59.134: [INFO][Sync] Loading: Passwords
2025-11-24 03:41:59.135: [INFO][Sync] All data types are ready for configure.
2025-11-24 03:41:59.137: [INFO][SyncManagerImpl::NudgeForInitialDownload] Initial download nudge for Passwords
2025-11-24 03:41:59.137: [INFO][SyncManagerImpl::ConfigureSyncer] Types to download:  with reason: 5
2025-11-24 03:41:59.137: [INFO][SyncEngineBackend::DoFinishConfigureDataTypes] Failed to download types:  and succeeded types: 
2025-11-24 03:41:59.159: [INFO][Sync] ConfigurationDone, failed: , succeeded: , remaining count: 2
2025-11-24 03:41:59.160: [INFO][Sync] Prepare to configure types: Passwords, Device Info, Send Tab To Self, Encryption Keys
2025-11-24 03:41:59.160: [INFO][SyncManagerImpl::ConfigureSyncer] Types to download: Passwords, Device Info, Send Tab To Self, Encryption Keys with reason: 5
2025-11-24 03:41:59.160: [INFO][SyncSchedulerImpl::DoConfigurationSyncCycleJob] Blocked types:  and types to download: Passwords, Device Info, Send Tab To Self, Encryption Keys
2025-11-24 03:42:00.415: [INFO][SyncEngineBackend::DoFinishConfigureDataTypes] Failed to download types:  and succeeded types: Passwords, Device Info, Send Tab To Self, Encryption Keys
2025-11-24 03:42:00.417: [INFO][Sync] ConfigurationDone, failed: , succeeded: Passwords, Device Info, Send Tab To Self, Encryption Keys, remaining count: 1
2025-11-24 03:42:00.422: [INFO][Sync] Prepare to configure types: Extensions, Extension settings, Web Apps, Saved Tab Group, WebAuthn Credentials, Encryption Keys
2025-11-24 03:42:00.422: [INFO][SyncManagerImpl::ConfigureSyncer] Types to download: Extensions, Extension settings, Web Apps, Saved Tab Group, WebAuthn Credentials, Encryption Keys with reason: 5
2025-11-24 03:42:00.422: [INFO][SyncSchedulerImpl::DoConfigurationSyncCycleJob] Blocked types:  and types to download: Extensions, Extension settings, Web Apps, Saved Tab Group, WebAuthn Credentials, Encryption Keys
2025-11-24 03:42:00.835: [INFO][SyncEngineBackend::DoFinishConfigureDataTypes] Failed to download types:  and succeeded types: Extensions, Extension settings, Web Apps, Saved Tab Group, WebAuthn Credentials, Encryption Keys
2025-11-24 03:42:00.931: [INFO][Sync] Started DataTypeManager configuration, reason: 1
2025-11-24 03:42:00.931: [INFO][Sync] Configuring for: Passwords, Extensions, Extension settings, Device Info, User Consents, Send Tab To Self, Web Apps, Saved Tab Group, WebAuthn Credentials, Encryption Keys, reason: 1, current state: 1
2025-11-24 03:42:00.932: [INFO][Sync] Started DataTypeManager configuration, reason: 1
2025-11-24 03:42:00.932: [INFO][Sync] Configuring for: Passwords, Extensions, Extension settings, Device Info, User Consents, Send Tab To Self, Web Apps, Saved Tab Group, WebAuthn Credentials, Encryption Keys, reason: 1, current state: 1
2025-11-24 03:42:00.944: [INFO][Sync] Started DataTypeManager configuration, reason: 1
2025-11-24 03:42:00.944: [INFO][Sync] Configuring for: Bookmarks, Preferences, Passwords, Autofill Profiles, Autofill, Extensions, Sessions, Extension settings, History Delete Directives, Device Info, User Consents, Send Tab To Self, Web Apps, History, Saved Tab Group, WebAuthn Credentials, Collection, Edge E Drop, Edge Hub App Usage, Edge Wallet, Encryption Keys, reason: 1, current state: 1
2025-11-24 03:42:00.955: [INFO][Sync] ConfigurationDone, failed: , succeeded: Extensions, Extension settings, Web Apps, Saved Tab Group, WebAuthn Credentials, Encryption Keys, remaining count: 0
2025-11-24 03:42:00.955: [WARN][Sync]     Reconfigure requested while configuration ongoing.
2025-11-24 03:42:00.955: [INFO][Sync] Configuring for: Bookmarks, Preferences, Passwords, Autofill Profiles, Autofill, Extensions, Sessions, Extension settings, History Delete Directives, Device Info, User Consents, Send Tab To Self, Web Apps, History, Saved Tab Group, WebAuthn Credentials, Collection, Edge E Drop, Edge Hub App Usage, Edge Wallet, Encryption Keys, reason: 1, current state: 2
2025-11-24 03:42:00.955: [INFO][Sync] Configure, desired: Bookmarks, Preferences, Passwords, Autofill Profiles, Autofill, Extensions, Sessions, Extension settings, History Delete Directives, Device Info, User Consents, Send Tab To Self, Web Apps, History, Saved Tab Group, WebAuthn Credentials, Collection, Edge E Drop, Edge Hub App Usage, Edge Wallet, Encryption Keys; Allow fail: 
2025-11-24 03:42:00.955: [INFO][Sync] Loading: Bookmarks
2025-11-24 03:42:00.955: [INFO][Sync] Loading: Preferences
2025-11-24 03:42:00.955: [INFO][Sync] Loading: Passwords
2025-11-24 03:42:00.955: [INFO][Sync] Loading: Autofill Profiles
2025-11-24 03:42:00.955: [INFO][Sync] Loading: Autofill
2025-11-24 03:42:00.955: [INFO][Sync] Loading: Extensions
2025-11-24 03:42:00.955: [INFO][Sync] Loading: Sessions
2025-11-24 03:42:00.955: [INFO][Sync] Loading: Extension settings
2025-11-24 03:42:00.956: [INFO][Sync] Loading: History Delete Directives
2025-11-24 03:42:00.956: [INFO][Sync] Loading: Device Info
2025-11-24 03:42:00.956: [INFO][Sync] Loading: User Consents
2025-11-24 03:42:00.956: [INFO][Sync] Loading: Send Tab To Self
2025-11-24 03:42:00.956: [INFO][Sync] Loading: Web Apps
2025-11-24 03:42:00.956: [INFO][Sync] Loading: History
2025-11-24 03:42:00.956: [INFO][Sync] Loading: Saved Tab Group
2025-11-24 03:42:00.956: [INFO][Sync] Loading: WebAuthn Credentials
2025-11-24 03:42:00.956: [INFO][Sync] Loading: Collection
2025-11-24 03:42:00.956: [INFO][Sync] Loading: Edge E Drop
2025-11-24 03:42:00.956: [INFO][Sync] Loading: Edge Hub App Usage
2025-11-24 03:42:00.956: [INFO][Sync] Loading: Edge Wallet
2025-11-24 03:42:01.030: [INFO][Sync] All data types are ready for configure.
2025-11-24 03:42:01.031: [INFO][SyncManagerImpl::NudgeForInitialDownload] Initial download nudge for Bookmarks
2025-11-24 03:42:01.031: [INFO][SyncManagerImpl::NudgeForInitialDownload] Initial download nudge for Preferences
2025-11-24 03:42:01.031: [INFO][SyncManagerImpl::NudgeForInitialDownload] Initial download nudge for Passwords
2025-11-24 03:42:01.031: [INFO][SyncManagerImpl::NudgeForInitialDownload] Initial download nudge for Autofill Profiles
2025-11-24 03:42:01.031: [INFO][SyncManagerImpl::NudgeForInitialDownload] Initial download nudge for Autofill
2025-11-24 03:42:01.031: [INFO][SyncManagerImpl::NudgeForInitialDownload] Initial download nudge for Extensions
2025-11-24 03:42:01.031: [INFO][SyncManagerImpl::NudgeForInitialDownload] Initial download nudge for Sessions
2025-11-24 03:42:01.031: [INFO][SyncManagerImpl::NudgeForInitialDownload] Initial download nudge for Extension settings
2025-11-24 03:42:01.031: [INFO][SyncManagerImpl::NudgeForInitialDownload] Initial download nudge for History Delete Directives
2025-11-24 03:42:01.031: [INFO][SyncManagerImpl::NudgeForInitialDownload] Initial download nudge for Device Info
2025-11-24 03:42:01.031: [INFO][SyncManagerImpl::NudgeForInitialDownload] Initial download nudge for Send Tab To Self
2025-11-24 03:42:01.031: [INFO][SyncManagerImpl::NudgeForInitialDownload] Initial download nudge for Web Apps
2025-11-24 03:42:01.031: [INFO][SyncManagerImpl::NudgeForInitialDownload] Initial download nudge for History
2025-11-24 03:42:01.031: [INFO][SyncManagerImpl::NudgeForInitialDownload] Initial download nudge for Saved Tab Group
2025-11-24 03:42:01.031: [INFO][SyncManagerImpl::NudgeForInitialDownload] Initial download nudge for WebAuthn Credentials
2025-11-24 03:42:01.031: [INFO][SyncManagerImpl::NudgeForInitialDownload] Initial download nudge for Collection
2025-11-24 03:42:01.031: [INFO][SyncManagerImpl::NudgeForInitialDownload] Initial download nudge for Edge E Drop
2025-11-24 03:42:01.031: [INFO][SyncManagerImpl::NudgeForInitialDownload] Initial download nudge for Edge Hub App Usage
2025-11-24 03:42:01.031: [INFO][SyncManagerImpl::NudgeForInitialDownload] Initial download nudge for Edge Wallet
2025-11-24 03:42:01.031: [INFO][SyncManagerImpl::ConfigureSyncer] Types to download:  with reason: 1
2025-11-24 03:42:01.031: [INFO][SyncEngineBackend::DoFinishConfigureDataTypes] Failed to download types:  and succeeded types: 
2025-11-24 03:42:01.032: [INFO][Sync] ConfigurationDone, failed: , succeeded: , remaining count: 4
2025-11-24 03:42:01.032: [INFO][Sync] Prepare to configure types: Preferences, Passwords, Device Info, Send Tab To Self, Edge E Drop, Encryption Keys
2025-11-24 03:42:01.032: [INFO][SyncManagerImpl::ConfigureSyncer] Types to download: Preferences, Passwords, Device Info, Send Tab To Self, Edge E Drop, Encryption Keys with reason: 1
2025-11-24 03:42:01.032: [INFO][SyncSchedulerImpl::DoConfigurationSyncCycleJob] Blocked types:  and types to download: Preferences, Passwords, Device Info, Send Tab To Self, Edge E Drop, Encryption Keys
2025-11-24 03:42:02.883: [INFO][SyncEngineBackend::DoFinishConfigureDataTypes] Failed to download types:  and succeeded types: Preferences, Passwords, Device Info, Send Tab To Self, Edge E Drop, Encryption Keys
2025-11-24 03:42:02.911: [INFO][Sync] ConfigurationDone, failed: , succeeded: Preferences, Passwords, Device Info, Send Tab To Self, Edge E Drop, Encryption Keys, remaining count: 3
2025-11-24 03:42:02.911: [INFO][Sync] Prepare to configure types: Bookmarks, Encryption Keys
2025-11-24 03:42:02.912: [INFO][SyncManagerImpl::ConfigureSyncer] Types to download: Bookmarks, Encryption Keys with reason: 1
2025-11-24 03:42:02.912: [INFO][SyncSchedulerImpl::DoConfigurationSyncCycleJob] Blocked types:  and types to download: Bookmarks, Encryption Keys
2025-11-24 03:42:03.168: [INFO][SyncEngineBackend::DoFinishConfigureDataTypes] Failed to download types:  and succeeded types: Bookmarks, Encryption Keys
2025-11-24 03:42:03.181: [INFO][Sync] ConfigurationDone, failed: , succeeded: Bookmarks, Encryption Keys, remaining count: 2
2025-11-24 03:42:03.181: [INFO][Sync] Prepare to configure types: Autofill Profiles, Autofill, Extensions, Sessions, Extension settings, History Delete Directives, Web Apps, Saved Tab Group, WebAuthn Credentials, Collection, Edge Hub App Usage, Edge Wallet, Encryption Keys
2025-11-24 03:42:03.182: [INFO][SyncManagerImpl::ConfigureSyncer] Types to download: Autofill Profiles, Autofill, Extensions, Sessions, Extension settings, History Delete Directives, Web Apps, Saved Tab Group, WebAuthn Credentials, Collection, Edge Hub App Usage, Edge Wallet, Encryption Keys with reason: 1
2025-11-24 03:42:03.182: [INFO][SyncSchedulerImpl::DoConfigurationSyncCycleJob] Blocked types:  and types to download: Autofill Profiles, Autofill, Extensions, Sessions, Extension settings, History Delete Directives, Web Apps, Saved Tab Group, WebAuthn Credentials, Collection, Edge Hub App Usage, Edge Wallet, Encryption Keys
2025-11-24 03:42:03.567: [INFO][SyncEngineBackend::DoFinishConfigureDataTypes] Failed to download types:  and succeeded types: Autofill Profiles, Autofill, Extensions, Sessions, Extension settings, History Delete Directives, Web Apps, Saved Tab Group, WebAuthn Credentials, Collection, Edge Hub App Usage, Edge Wallet, Encryption Keys
2025-11-24 03:42:03.575: [INFO][Sync] ConfigurationDone, failed: , succeeded: Autofill Profiles, Autofill, Extensions, Sessions, Extension settings, History Delete Directives, Web Apps, Saved Tab Group, WebAuthn Credentials, Collection, Edge Hub App Usage, Edge Wallet, Encryption Keys, remaining count: 1
2025-11-24 03:42:03.579: [INFO][Sync] Prepare to configure types: History, Encryption Keys
2025-11-24 03:42:03.579: [INFO][SyncManagerImpl::ConfigureSyncer] Types to download: History, Encryption Keys with reason: 1
2025-11-24 03:42:03.579: [INFO][SyncSchedulerImpl::DoConfigurationSyncCycleJob] Blocked types:  and types to download: History, Encryption Keys
2025-11-24 03:42:03.864: [INFO][SyncEngineBackend::DoFinishConfigureDataTypes] Failed to download types:  and succeeded types: History, Encryption Keys
2025-11-24 03:42:03.868: [INFO][Sync] ConfigurationDone, failed: , succeeded: History, Encryption Keys, remaining count: 0
2025-11-24 03:42:03.872: [INFO][Sync]     Configuration completed, state: 7
2025-11-24 03:42:03.873: [INFO][Sync] Configured DataTypeManager: Ok
2025-11-24 03:42:03.879: [INFO][SyncEngineBackend::DoStartSyncing] Start syncing
2025-11-24 03:43:02.957: [INFO][Sync] Reset engine, reason: 0
2025-11-24 03:43:02.957: [INFO][Sync] Reset engine with reason: 0
2025-11-24 03:43:02.958: [INFO][SyncSchedulerImpl::OnSyncNetworkError] Syncer error: Network error (ERR_ABORTED)
2025-11-24 03:43:02.958: [INFO][Commit::ReportFullCommitFailure] Commit Passwords failed with error: NetworkError
2025-11-24 03:43:02.958: [INFO][SyncSchedulerImpl::DoNudgeSyncCycleJob] Syncer error: Network error (ERR_ABORTED)
