{"logTime": "1124/040126", "correlationVector":"YDMdEPM3H3KcRqtyYoz080.1","action":"SyncServerConnectionManagerRequest", "result":"SYNC_SERVER_OK", "context":{"environment":"Prod_southeastasia_prod-s01-065-apac-southeastasia", "migrationStage":"NotStarted", "server":"akswtt10800000m"}}
{"logTime": "1124/040126", "correlationVector":"YDMdEPM3H3KcRqtyYoz080.2","action":"ProcessGetUpdates", "result":"Done", "context":{"dataType":"Encryption Keys", "deleted":"0", "process_failed_to_decrypt":"0", "process_pending_decryption":"0", "process_success":"1", "total":"1"}}
{"logTime": "1124/040127", "correlationVector":"4r/bYbgOm6+HljOoC50ksd","action":"SyncServerConnectionManagerRequest", "result":"SYNC_SERVER_OK", "context":{"environment":"", "migrationStage":"", "server":""}}
{"logTime": "1124/040127", "correlationVector":"4r/bYbgOm6+HljOoC50ksd.0","action":"EncryptionKeysFetcher.DownloadKeys:", "result":"Success", "context":Key count: 10, Last key timestamp: 2025-09-26T02:59:50Z}
{"logTime": "1124/040127", "correlationVector":"4r/bYbgOm6+HljOoC50ksd.1","action":"EncryptionKeysManager::SetEncryptionKeys:", "result":"Success", "context":Key names[10]:[Ju2tL8/QFfsOfTn9K7KgU4JJxbMz0FpVCcIS2XT1XgrGze1NmLsiQWQUm86ahcbfrxu03RRVfQvxeqz9d4tQqg==][TAVmfJ9wxGOHCnIrwbNBaMvFg3u+6vPx/UWdJjcsdKecZdfgs4RroKz191tvWYwtgm0sVbVYCvF62IJen40qhQ==][cO5nN80T4oyLRS2IIzZA654c2dcxCG9ify2uEHgJFyMJoNkrvS+ZP9sxscoINFfHnJhnniBE5QvI9RlCl4SczA==][VVwifo89CQr+DkaRu4x9g4vc2+399/M/0xPhPMY4pAOSjrV0C+isNbPTPiNuAQhGoH41dXE1t9AKzZCyHRA4wA==][gBwXmoxxlrAGboSMbPCmQw5zVtjcbjmKxMw5Un4gapk6mrcdkxHfygFxsxs4RLmQcAds/92bzwfBKLd3BexQNQ==][L46xGuo4kKqqUCp+bTwltjronvDkBLwxJehXY6K3/8s3e4qR6G5w9UqMP0FtqT6A1OOPvfQiZAKbLWEeMjT3Dw==][SsUKUfpgjHjEHEqn5yeQcV+oDbdko1iGlrjRuVCO28umSSHj32C0ocuTHj1fvPnvIP1FV6LjyYGBLovqaKjgnw==][xv22CeFlf8IAjgRsjf5xMEoNOjz7nUWgopxKLYs3bQg+zZsyeNQks3l0lyuWTZZDB1SOxuICikn5/e++jTYl3w==][RL++uS2xPH4SZV6onVzP7p+iJafCSRkIWpQ4/Sexmw6Y8NCYg6aDvXK+SWhzNkQMyoFhDriZERF5VTD/Nx9zWw==][73ggA4NnJHgrBrDkw+/3lVAR0//K9mF+4n5fqfjxVoE5dSrj46+nspYbPZ7VPrcrY+8iY+UWVeKfBcWsYgSOHg==]}
{"logTime": "1124/040127", "correlationVector":"4r/bYbgOm6+HljOoC50ksd.2","action":"EncryptionKeysManager::SetEncryptionKeysWithTimestamps:", "result":"Success", "context":Key timestamps[10]:[2023-06-19T03:36:22Z][2023-11-25T06:20:51Z][2023-12-18T17:00:02Z][2024-07-02T07:26:11Z][2024-10-19T14:04:03Z][2024-11-09T15:52:01Z][2024-12-17T02:08:10Z][2025-06-19T06:43:36Z][2025-09-21T14:55:07Z][2025-09-26T02:59:50Z]}
{"logTime": "1124/040127", "correlationVector":"YDMdEPM3H3KcRqtyYoz080","action":"Initial GetUpdates", "result":"", "context":Reason: NEW_CLIENT. cV=YDMdEPM3H3KcRqtyYoz080}
{"logTime": "1124/040127", "correlationVector":"YDMdEPM3H3KcRqtyYoz080.3","action":"GetUpdates Response", "result":"Success", "context":Received 1 update(s). cV=YDMdEPM3H3KcRqtyYoz080.0;server=akswtt10800000m;cloudType=Consumer;environment=Prod_southeastasia_prod-s01-065-apac-southeastasia;migrationStage=NotStarted}
{"logTime": "1124/040127", "correlationVector":"V6V+RLCEq7fR3rUGtI7zzN","action":"Initial GetUpdates", "result":"", "context":Reason: NEWLY_SUPPORTED_DATATYPE. cV=V6V+RLCEq7fR3rUGtI7zzN}
{"logTime": "1124/040127", "correlationVector":"V6V+RLCEq7fR3rUGtI7zzN.1","action":"SyncServerConnectionManagerRequest", "result":"SYNC_SERVER_OK", "context":{"environment":"Prod_southeastasia_prod-s01-065-apac-southeastasia", "migrationStage":"NotStarted", "server":"akswtt10800000q"}}
{"logTime": "1124/040127", "correlationVector":"V6V+RLCEq7fR3rUGtI7zzN.2","action":"ProcessGetUpdates", "result":"Done", "context":{"dataType":"Passwords", "deleted":"0", "process_failed_to_decrypt":"0", "process_pending_decryption":"0", "process_success":"241", "total":"241"}}
{"logTime": "1124/040127", "correlationVector":"V6V+RLCEq7fR3rUGtI7zzN.3","action":"ProcessGetUpdates", "result":"Done", "context":{"dataType":"Device Info", "deleted":"0", "process_failed_to_decrypt":"0", "process_pending_decryption":"0", "process_success":"9", "total":"9"}}
{"logTime": "1124/040127", "correlationVector":"V6V+RLCEq7fR3rUGtI7zzN.4","action":"GetUpdates Response", "result":"Success", "context":Received 250 update(s). cV=V6V+RLCEq7fR3rUGtI7zzN.0;server=akswtt10800000q;cloudType=Consumer;environment=Prod_southeastasia_prod-s01-065-apac-southeastasia;migrationStage=NotStarted Some updates remain.}
{"logTime": "1124/040127", "correlationVector":"PObnD1tB/NpPIiMnhYou0Q","action":"Initial GetUpdates", "result":"", "context":Reason: NEWLY_SUPPORTED_DATATYPE. cV=PObnD1tB/NpPIiMnhYou0Q}
{"logTime": "1124/040128", "correlationVector":"PObnD1tB/NpPIiMnhYou0Q.1","action":"SyncServerConnectionManagerRequest", "result":"SYNC_SERVER_OK", "context":{"environment":"Prod_southeastasia_prod-s01-065-apac-southeastasia", "migrationStage":"NotStarted", "server":"akswtt10800000q"}}
{"logTime": "1124/040128", "correlationVector":"PObnD1tB/NpPIiMnhYou0Q.2","action":"ProcessGetUpdates", "result":"Done", "context":{"dataType":"Passwords", "deleted":"0", "process_failed_to_decrypt":"0", "process_pending_decryption":"0", "process_success":"232", "total":"232"}}
{"logTime": "1124/040128", "correlationVector":"PObnD1tB/NpPIiMnhYou0Q.3","action":"ProcessGetUpdates", "result":"Done", "context":{"dataType":"Device Info", "deleted":"0", "process_failed_to_decrypt":"0", "process_pending_decryption":"0", "process_success":"2", "total":"2"}}
{"logTime": "1124/040128", "correlationVector":"PObnD1tB/NpPIiMnhYou0Q.4","action":"GetUpdates Response", "result":"Success", "context":Received 234 update(s). cV=PObnD1tB/NpPIiMnhYou0Q.0;server=akswtt10800000q;cloudType=Consumer;environment=Prod_southeastasia_prod-s01-065-apac-southeastasia;migrationStage=NotStarted}
{"logTime": "1124/040128", "correlationVector":"rNg002S0bYK44GihJp8vvP","action":"Initial GetUpdates", "result":"", "context":Reason: NEWLY_SUPPORTED_DATATYPE. cV=rNg002S0bYK44GihJp8vvP}
{"logTime": "1124/040128", "correlationVector":"rNg002S0bYK44GihJp8vvP.1","action":"SyncServerConnectionManagerRequest", "result":"SYNC_SERVER_OK", "context":{"environment":"Prod_southeastasia_prod-s01-065-apac-southeastasia", "migrationStage":"NotStarted", "server":"akswtt10800000n"}}
{"logTime": "1124/040128", "correlationVector":"rNg002S0bYK44GihJp8vvP.2","action":"ProcessGetUpdates", "result":"Done", "context":{"dataType":"Extensions", "deleted":"0", "process_failed_to_decrypt":"0", "process_pending_decryption":"0", "process_success":"17", "total":"17"}}
{"logTime": "1124/040128", "correlationVector":"rNg002S0bYK44GihJp8vvP.3","action":"ProcessGetUpdates", "result":"Done", "context":{"dataType":"Extension settings", "deleted":"0", "process_failed_to_decrypt":"0", "process_pending_decryption":"0", "process_success":"11", "total":"11"}}
{"logTime": "1124/040128", "correlationVector":"rNg002S0bYK44GihJp8vvP.4","action":"GetUpdates Response", "result":"Success", "context":Received 28 update(s). cV=rNg002S0bYK44GihJp8vvP.0;server=akswtt10800000n;cloudType=Consumer;environment=Prod_southeastasia_prod-s01-065-apac-southeastasia;migrationStage=NotStarted}
{"logTime": "1124/040128", "correlationVector":"QdGP7tGCBs9zMs5QTfEKKc","action":"Normal GetUpdate request", "result":"", "context":cV=QdGP7tGCBs9zMs5QTfEKKc
Nudged types: Device Info
Refresh requested types: Passwords, Extensions, Extension settings, Device Info, User Consents, Send Tab To Self, Web Apps, Saved Tab Group, WebAuthn Credentials, Encryption Keys}
{"logTime": "1124/040129", "correlationVector":"QdGP7tGCBs9zMs5QTfEKKc.1","action":"SyncServerConnectionManagerRequest", "result":"SYNC_SERVER_OK", "context":{"environment":"Prod_southeastasia_prod-s01-065-apac-southeastasia", "migrationStage":"NotStarted", "server":"akswtt10800000r"}}
{"logTime": "1124/040129", "correlationVector":"QdGP7tGCBs9zMs5QTfEKKc.2","action":"GetUpdates Response", "result":"Success", "context":Received 0 update(s). cV=QdGP7tGCBs9zMs5QTfEKKc.0;server=akswtt10800000r;cloudType=Consumer;environment=Prod_southeastasia_prod-s01-065-apac-southeastasia;migrationStage=NotStarted}
{"logTime": "1124/040129", "correlationVector":"h1Dn/ADt3lOhHFh9tLHvr8","action":"DoCompareDataConsistency requsted types: ", "result":"Passwords, Extensions, Extension settings, Send Tab To Self, Web Apps, Saved Tab Group, WebAuthn Credentials, Encryption Keys"}
{"logTime": "1124/040129", "correlationVector":"h1Dn/ADt3lOhHFh9tLHvr8.0","action":"CompareDataConsistency result: ", "result":"Compare result: Encryption Keys is consistent. local entities count is: 1 local entities hash is: qlDe/SoxnlETPLGL4tvNOx00WxI="}
{"logTime": "1124/040129", "correlationVector":"h1Dn/ADt3lOhHFh9tLHvr8.1","action":"CompareDataConsistency result: ", "result":"Compare result: Extensions is consistent. local entities count is: 17 local entities hash is: MwE3f8z9qE62w6CAdYdrnvrwcVQ="}
{"logTime": "1124/040129", "correlationVector":"h1Dn/ADt3lOhHFh9tLHvr8.2","action":"CompareDataConsistency result: ", "result":"Compare result: Extension settings is consistent. local entities count is: 11 local entities hash is: UJtAe2OU7hCWsOXXQl00XevKHYI="}
{"logTime": "1124/040129", "correlationVector":"h1Dn/ADt3lOhHFh9tLHvr8.3","action":"CompareDataConsistency result: ", "result":"Server did not send this Send Tab To Self local entities count is: 0 local entities hash is: "}
{"logTime": "1124/040129", "correlationVector":"h1Dn/ADt3lOhHFh9tLHvr8.4","action":"CompareDataConsistency result: ", "result":"Compare result: Web Apps is consistent. local entities count is: 0 local entities hash is: "}
{"logTime": "1124/040129", "correlationVector":"h1Dn/ADt3lOhHFh9tLHvr8.5","action":"CompareDataConsistency result: ", "result":"Compare result: Saved Tab Group is consistent. local entities count is: 0 local entities hash is: "}
{"logTime": "1124/040129", "correlationVector":"h1Dn/ADt3lOhHFh9tLHvr8.6","action":"CompareDataConsistency result: ", "result":"Server did not send this WebAuthn Credentials local entities count is: 0 local entities hash is: "}
{"logTime": "1124/040129", "correlationVector":"h1Dn/ADt3lOhHFh9tLHvr8.7","action":"CompareDataConsistency result: ", "result":"Compare result: Passwords is consistent. local entities count is: 473 local entities hash is: CDoCQGUwWqFpM5ZFBdk1Wh5tQkU="}
{"logTime": "1124/040129", "correlationVector":"u29m+KgN8QD2Sr2VVZodkU","action":"Commit Request", "result":"", "context":Item count: 1
Contributing types: Device Info}
{"logTime": "1124/040130", "correlationVector":"u29m+KgN8QD2Sr2VVZodkU.1","action":"SyncServerConnectionManagerRequest", "result":"SYNC_SERVER_OK", "context":{"environment":"Prod_southeastasia_prod-s01-065-apac-southeastasia", "migrationStage":"NotStarted", "server":"akswtt10800000b"}}
{"logTime": "1124/040130", "correlationVector":"u29m+KgN8QD2Sr2VVZodkU.2","action":"Commit Response", "result":"Success", "context":Result: Success. cV=u29m+KgN8QD2Sr2VVZodkU.0;server=akswtt10800000b;cloudType=Consumer;environment=Prod_southeastasia_prod-s01-065-apac-southeastasia;migrationStage=NotStarted}
{"logTime": "1124/040130", "correlationVector":"","action":"DIAGNOSTIC_REQUEST|v1/diagnosticData/Diagnostic.SendCheckResult()|SUCCESS", "result":""}
{"logTime": "1124/040138", "correlationVector":"NOIU0HC6lgayzP5Tj1S5xy","action":"Initial GetUpdates", "result":"", "context":Reason: RECONFIGURATION. cV=NOIU0HC6lgayzP5Tj1S5xy}
{"logTime": "1124/040139", "correlationVector":"NOIU0HC6lgayzP5Tj1S5xy.1","action":"SyncServerConnectionManagerRequest", "result":"SYNC_SERVER_OK", "context":{"environment":"Prod_southeastasia_prod-s01-065-apac-southeastasia", "migrationStage":"NotStarted", "server":"akswtt10800000r"}}
{"logTime": "1124/040139", "correlationVector":"NOIU0HC6lgayzP5Tj1S5xy.2","action":"ProcessGetUpdates", "result":"Done", "context":{"dataType":"Preferences", "deleted":"0", "process_failed_to_decrypt":"0", "process_pending_decryption":"0", "process_success":"75", "total":"75"}}
{"logTime": "1124/040139", "correlationVector":"NOIU0HC6lgayzP5Tj1S5xy.3","action":"ProcessGetUpdates", "result":"Done", "context":{"dataType":"Passwords", "deleted":"0", "process_failed_to_decrypt":"0", "process_pending_decryption":"0", "process_success":"166", "total":"166"}}
{"logTime": "1124/040139", "correlationVector":"NOIU0HC6lgayzP5Tj1S5xy.4","action":"ProcessGetUpdates", "result":"Done", "context":{"dataType":"Device Info", "deleted":"0", "process_failed_to_decrypt":"0", "process_pending_decryption":"0", "process_success":"9", "total":"9"}}
{"logTime": "1124/040139", "correlationVector":"NOIU0HC6lgayzP5Tj1S5xy.5","action":"GetUpdates Response", "result":"Success", "context":Received 250 update(s). cV=NOIU0HC6lgayzP5Tj1S5xy.0;server=akswtt10800000r;cloudType=Consumer;environment=Prod_southeastasia_prod-s01-065-apac-southeastasia;migrationStage=NotStarted Some updates remain.}
{"logTime": "1124/040139", "correlationVector":"mrTyhwI2D8dZycNUVnNYmw","action":"Initial GetUpdates", "result":"", "context":Reason: RECONFIGURATION. cV=mrTyhwI2D8dZycNUVnNYmw}
{"logTime": "1124/040140", "correlationVector":"mrTyhwI2D8dZycNUVnNYmw.1","action":"SyncServerConnectionManagerRequest", "result":"SYNC_SERVER_OK", "context":{"environment":"Prod_southeastasia_prod-s01-065-apac-southeastasia", "migrationStage":"NotStarted", "server":"akswtt10800000d"}}
{"logTime": "1124/040140", "correlationVector":"mrTyhwI2D8dZycNUVnNYmw.2","action":"ProcessGetUpdates", "result":"Done", "context":{"dataType":"Preferences", "deleted":"0", "process_failed_to_decrypt":"0", "process_pending_decryption":"0", "process_success":"7", "total":"7"}}
{"logTime": "1124/040140", "correlationVector":"mrTyhwI2D8dZycNUVnNYmw.3","action":"ProcessGetUpdates", "result":"Done", "context":{"dataType":"Passwords", "deleted":"0", "process_failed_to_decrypt":"0", "process_pending_decryption":"0", "process_success":"242", "total":"242"}}
{"logTime": "1124/040140", "correlationVector":"mrTyhwI2D8dZycNUVnNYmw.4","action":"ProcessGetUpdates", "result":"Done", "context":{"dataType":"Device Info", "deleted":"0", "process_failed_to_decrypt":"0", "process_pending_decryption":"0", "process_success":"1", "total":"1"}}
{"logTime": "1124/040140", "correlationVector":"mrTyhwI2D8dZycNUVnNYmw.5","action":"GetUpdates Response", "result":"Success", "context":Received 250 update(s). cV=mrTyhwI2D8dZycNUVnNYmw.0;server=akswtt10800000d;cloudType=Consumer;environment=Prod_southeastasia_prod-s01-065-apac-southeastasia;migrationStage=NotStarted Some updates remain.}
{"logTime": "1124/040140", "correlationVector":"aa4oS90muz5ZolfjIk9e8P","action":"Initial GetUpdates", "result":"", "context":Reason: RECONFIGURATION. cV=aa4oS90muz5ZolfjIk9e8P}
{"logTime": "1124/040140", "correlationVector":"aa4oS90muz5ZolfjIk9e8P","action":"SyncServerConnectionManagerRequest", "result":"CONNECTION_UNAVAILABLE", "context":{"error_type":"net_error_code", "error_value":"-3"}}
{"logTime": "1124/040700", "correlationVector":"HMYW/lIEKBlJ/I0W/McSJm","action":"Initial GetUpdates", "result":"", "context":Reason: NEWLY_SUPPORTED_DATATYPE. cV=HMYW/lIEKBlJ/I0W/McSJm}
{"logTime": "1124/040701", "correlationVector":"HMYW/lIEKBlJ/I0W/McSJm.1","action":"SyncServerConnectionManagerRequest", "result":"SYNC_SERVER_OK", "context":{"environment":"Prod_southeastasia_prod-s01-065-apac-southeastasia", "migrationStage":"NotStarted", "server":"akswtt108000003"}}
{"logTime": "1124/040701", "correlationVector":"HMYW/lIEKBlJ/I0W/McSJm.2","action":"ProcessGetUpdates", "result":"Done", "context":{"dataType":"Preferences", "deleted":"0", "process_failed_to_decrypt":"0", "process_pending_decryption":"0", "process_success":"75", "total":"75"}}
{"logTime": "1124/040701", "correlationVector":"HMYW/lIEKBlJ/I0W/McSJm.3","action":"ProcessGetUpdates", "result":"Done", "context":{"dataType":"Passwords", "deleted":"0", "process_failed_to_decrypt":"0", "process_pending_decryption":"0", "process_success":"166", "total":"166"}}
{"logTime": "1124/040701", "correlationVector":"HMYW/lIEKBlJ/I0W/McSJm.4","action":"ProcessGetUpdates", "result":"Done", "context":{"dataType":"Device Info", "deleted":"0", "process_failed_to_decrypt":"0", "process_pending_decryption":"0", "process_success":"9", "total":"9"}}
{"logTime": "1124/040701", "correlationVector":"HMYW/lIEKBlJ/I0W/McSJm.5","action":"GetUpdates Response", "result":"Success", "context":Received 250 update(s). cV=HMYW/lIEKBlJ/I0W/McSJm.0;server=akswtt108000003;cloudType=Consumer;environment=Prod_southeastasia_prod-s01-065-apac-southeastasia;migrationStage=NotStarted Some updates remain.}
{"logTime": "1124/040701", "correlationVector":"t9y9lRcwpK5MGEysHHlNs9","action":"Initial GetUpdates", "result":"", "context":Reason: NEWLY_SUPPORTED_DATATYPE. cV=t9y9lRcwpK5MGEysHHlNs9}
{"logTime": "1124/040701", "correlationVector":"t9y9lRcwpK5MGEysHHlNs9","action":"SyncServerConnectionManagerRequest", "result":"CONNECTION_UNAVAILABLE", "context":{"error_type":"net_error_code", "error_value":"-3"}}
