2025-11-24 04:01:22.356: [INFO][Sync] Reset engine, reason: 8
2025-11-24 04:01:22.356: [INFO][Sync] Stopped: Bookmarks
2025-11-24 04:01:22.356: [INFO][Sync] Stopped: Preferences
2025-11-24 04:01:22.356: [INFO][Sync] Stopped: Passwords
2025-11-24 04:01:22.356: [INFO][Sync] Stopped: Autofill Profiles
2025-11-24 04:01:22.356: [INFO][Sync] Stopped: Autofill
2025-11-24 04:01:22.356: [INFO][Sync] Stopped: Extensions
2025-11-24 04:01:22.356: [INFO][Sync] Stopped: Sessions
2025-11-24 04:01:22.356: [INFO][Sync] Stopped: Extension settings
2025-11-24 04:01:22.356: [INFO][Sync] Stopped: History Delete Directives
2025-11-24 04:01:22.356: [INFO][Sync] Stopped: Device Info
2025-11-24 04:01:22.356: [INFO][Sync] Stopped: User Consents
2025-11-24 04:01:22.356: [INFO][Sync] Stopped: Send Tab To Self
2025-11-24 04:01:22.357: [INFO][Sync] Stopped: Web Apps
2025-11-24 04:01:22.357: [INFO][Sync] Stopped: History
2025-11-24 04:01:22.357: [INFO][Sync] Stopped: Saved Tab Group
2025-11-24 04:01:22.357: [INFO][Sync] Stopped: WebAuthn Credentials
2025-11-24 04:01:22.357: [INFO][Sync] Stopped: Collection
2025-11-24 04:01:22.357: [INFO][Sync] Stopped: Edge E Drop
2025-11-24 04:01:22.357: [INFO][Sync] Stopped: Edge Hub App Usage
2025-11-24 04:01:22.357: [INFO][Sync] Stopped: Edge Wallet
2025-11-24 04:01:22.357: [INFO][Sync] SyncState after authenticated was: NotSignedIn
2025-11-24 04:01:22.905: [INFO][Sync] Reset engine, reason: 8
2025-11-24 04:01:22.905: [INFO][Sync] Stopped: Bookmarks
2025-11-24 04:01:22.905: [INFO][Sync] Stopped: Preferences
2025-11-24 04:01:22.905: [INFO][Sync] Stopped: Passwords
2025-11-24 04:01:22.905: [INFO][Sync] Stopped: Autofill Profiles
2025-11-24 04:01:22.905: [INFO][Sync] Stopped: Autofill
2025-11-24 04:01:22.905: [INFO][Sync] Stopped: Extensions
2025-11-24 04:01:22.905: [INFO][Sync] Stopped: Sessions
2025-11-24 04:01:22.905: [INFO][Sync] Stopped: Extension settings
2025-11-24 04:01:22.905: [INFO][Sync] Stopped: History Delete Directives
2025-11-24 04:01:22.905: [INFO][Sync] Stopped: Device Info
2025-11-24 04:01:22.905: [INFO][Sync] Stopped: User Consents
2025-11-24 04:01:22.905: [INFO][Sync] Stopped: Send Tab To Self
2025-11-24 04:01:22.905: [INFO][Sync] Stopped: Web Apps
2025-11-24 04:01:22.905: [INFO][Sync] Stopped: History
2025-11-24 04:01:22.905: [INFO][Sync] Stopped: Saved Tab Group
2025-11-24 04:01:22.905: [INFO][Sync] Stopped: WebAuthn Credentials
2025-11-24 04:01:22.905: [INFO][Sync] Stopped: Collection
2025-11-24 04:01:22.905: [INFO][Sync] Stopped: Edge E Drop
2025-11-24 04:01:22.905: [INFO][Sync] Stopped: Edge Hub App Usage
2025-11-24 04:01:22.905: [INFO][Sync] Stopped: Edge Wallet
2025-11-24 04:01:23.328: [INFO][Sync] Try to start sync engine
2025-11-24 04:01:23.329: [INFO][SyncManagerImpl::NudgeForInitialDownload] Initial download nudge for Encryption Keys
2025-11-24 04:01:23.329: [INFO][SyncEngineBackend::LoadAndConnectNigoriController] Load and connect Nigori controller
2025-11-24 04:01:23.329: [INFO][SyncEngineBackend::DoInitialize] Control Types added: Encryption Keys
2025-11-24 04:01:23.329: [INFO][SyncManagerImpl::ConfigureSyncer] Types to download: Encryption Keys with reason: 3
2025-11-24 04:01:23.329: [INFO][SyncSchedulerImpl::DoConfigurationSyncCycleJob] Configure job was blocked
2025-11-24 04:01:23.860: [INFO][SyncAuthManager::SetLastAuthError] Current auth error: None
2025-11-24 04:01:23.860: [INFO][SyncAuthManager::EdgeLogTokenErrorState] Token error with: None for account type: MSA
2025-11-24 04:01:23.860: [INFO][Sync] Credentials changed for: EdgeSyncScopeNew
2025-11-24 04:01:25.344: [INFO][SyncAuthManager::SetLastAuthError] Current auth error: None
2025-11-24 04:01:25.345: [INFO][SyncAuthManager::EdgeLogTokenErrorState] Token error with: None for account type: MSA
2025-11-24 04:01:25.345: [INFO][Sync] Credentials changed for: EdgeSyncKeyDataScope
2025-11-24 04:01:25.345: [INFO][SyncEngineBackend::DoUpdateKeyDataCredentials] Update key data credentials
2025-11-24 04:01:25.345: [INFO][SyncEngineBackend::DoUpdateCredentials] Update credentials
2025-11-24 04:01:25.345: [INFO][SyncSchedulerImpl::DoConfigurationSyncCycleJob] Blocked types:  and types to download: Encryption Keys
2025-11-24 04:01:26.572: [INFO][Sync] Started DataTypeManager configuration, reason: 4
2025-11-24 04:01:26.573: [INFO][Sync] Configuring for: Passwords, Extensions, Extension settings, Device Info, User Consents, Send Tab To Self, Web Apps, Saved Tab Group, WebAuthn Credentials, Encryption Keys, reason: 3, current state: 0
2025-11-24 04:01:26.573: [WARN][Sync] Crypto error data types: Passwords
2025-11-24 04:01:26.575: [INFO][Sync] Configure, desired: Extensions, Extension settings, Device Info, User Consents, Send Tab To Self, Web Apps, Saved Tab Group, WebAuthn Credentials, Encryption Keys; Allow fail: Passwords
2025-11-24 04:01:26.576: [INFO][Sync] Loading: Extensions
2025-11-24 04:01:26.576: [INFO][Sync] Loading: Extension settings
2025-11-24 04:01:26.576: [INFO][Sync] Loading: Device Info
2025-11-24 04:01:26.576: [INFO][Sync] Loading: User Consents
2025-11-24 04:01:26.576: [INFO][Sync] Loading: Send Tab To Self
2025-11-24 04:01:26.576: [INFO][Sync] Loading: Web Apps
2025-11-24 04:01:26.576: [INFO][Sync] Loading: Saved Tab Group
2025-11-24 04:01:26.576: [INFO][Sync] Loading: WebAuthn Credentials
2025-11-24 04:01:26.579: [INFO][Sync] All data types are ready for configure.
2025-11-24 04:01:27.042: [INFO][Sync] Started DataTypeManager configuration, reason: 5
2025-11-24 04:01:27.042: [INFO][Sync] Configuring for: Passwords, Extensions, Extension settings, Device Info, User Consents, Send Tab To Self, Web Apps, Saved Tab Group, WebAuthn Credentials, Encryption Keys, reason: 5, current state: 1
2025-11-24 04:01:27.047: [INFO][SyncEngineBackend::DoStartConfiguration] Start configuration
2025-11-24 04:01:27.047: [INFO][SyncManagerImpl::NudgeForInitialDownload] Initial download nudge for Extensions
2025-11-24 04:01:27.047: [INFO][SyncManagerImpl::NudgeForInitialDownload] Initial download nudge for Extension settings
2025-11-24 04:01:27.047: [INFO][SyncManagerImpl::NudgeForInitialDownload] Initial download nudge for Device Info
2025-11-24 04:01:27.047: [INFO][SyncManagerImpl::NudgeForInitialDownload] Initial download nudge for Send Tab To Self
2025-11-24 04:01:27.047: [INFO][SyncManagerImpl::NudgeForInitialDownload] Initial download nudge for Web Apps
2025-11-24 04:01:27.047: [INFO][SyncManagerImpl::NudgeForInitialDownload] Initial download nudge for Saved Tab Group
2025-11-24 04:01:27.047: [INFO][SyncManagerImpl::NudgeForInitialDownload] Initial download nudge for WebAuthn Credentials
2025-11-24 04:01:27.047: [INFO][SyncManagerImpl::ConfigureSyncer] Types to download:  with reason: 3
2025-11-24 04:01:27.047: [INFO][SyncEngineBackend::DoFinishConfigureDataTypes] Failed to download types:  and succeeded types: 
2025-11-24 04:01:27.047: [INFO][Sync] ConfigurationDone, failed: , succeeded: , remaining count: 2
2025-11-24 04:01:27.047: [WARN][Sync]     Reconfigure requested while configuration ongoing.
2025-11-24 04:01:27.047: [INFO][Sync] Configuring for: Passwords, Extensions, Extension settings, Device Info, User Consents, Send Tab To Self, Web Apps, Saved Tab Group, WebAuthn Credentials, Encryption Keys, reason: 5, current state: 2
2025-11-24 04:01:27.047: [INFO][Sync] Configure, desired: Passwords, Extensions, Extension settings, Device Info, User Consents, Send Tab To Self, Web Apps, Saved Tab Group, WebAuthn Credentials, Encryption Keys; Allow fail: 
2025-11-24 04:01:27.047: [INFO][Sync] Loading: Passwords
2025-11-24 04:01:27.047: [INFO][Sync] All data types are ready for configure.
2025-11-24 04:01:27.048: [INFO][SyncManagerImpl::NudgeForInitialDownload] Initial download nudge for Passwords
2025-11-24 04:01:27.048: [INFO][SyncManagerImpl::ConfigureSyncer] Types to download:  with reason: 5
2025-11-24 04:01:27.048: [INFO][SyncEngineBackend::DoFinishConfigureDataTypes] Failed to download types:  and succeeded types: 
2025-11-24 04:01:27.048: [INFO][Sync] ConfigurationDone, failed: , succeeded: , remaining count: 2
2025-11-24 04:01:27.048: [INFO][Sync] Prepare to configure types: Passwords, Device Info, Send Tab To Self, Encryption Keys
2025-11-24 04:01:27.048: [INFO][SyncManagerImpl::ConfigureSyncer] Types to download: Passwords, Device Info, Send Tab To Self, Encryption Keys with reason: 5
2025-11-24 04:01:27.048: [INFO][SyncSchedulerImpl::DoConfigurationSyncCycleJob] Blocked types:  and types to download: Passwords, Device Info, Send Tab To Self, Encryption Keys
2025-11-24 04:01:28.400: [INFO][SyncEngineBackend::DoFinishConfigureDataTypes] Failed to download types:  and succeeded types: Passwords, Device Info, Send Tab To Self, Encryption Keys
2025-11-24 04:01:28.402: [INFO][Sync] ConfigurationDone, failed: , succeeded: Passwords, Device Info, Send Tab To Self, Encryption Keys, remaining count: 1
2025-11-24 04:01:28.405: [INFO][Sync] Prepare to configure types: Extensions, Extension settings, Web Apps, Saved Tab Group, WebAuthn Credentials, Encryption Keys
2025-11-24 04:01:28.405: [INFO][SyncManagerImpl::ConfigureSyncer] Types to download: Extensions, Extension settings, Web Apps, Saved Tab Group, WebAuthn Credentials, Encryption Keys with reason: 5
2025-11-24 04:01:28.405: [INFO][SyncSchedulerImpl::DoConfigurationSyncCycleJob] Blocked types:  and types to download: Extensions, Extension settings, Web Apps, Saved Tab Group, WebAuthn Credentials, Encryption Keys
2025-11-24 04:01:28.665: [INFO][SyncEngineBackend::DoFinishConfigureDataTypes] Failed to download types:  and succeeded types: Extensions, Extension settings, Web Apps, Saved Tab Group, WebAuthn Credentials, Encryption Keys
2025-11-24 04:01:28.667: [INFO][Sync] ConfigurationDone, failed: , succeeded: Extensions, Extension settings, Web Apps, Saved Tab Group, WebAuthn Credentials, Encryption Keys, remaining count: 0
2025-11-24 04:01:28.670: [INFO][Sync]     Configuration completed, state: 7
2025-11-24 04:01:28.670: [INFO][Sync] Configured DataTypeManager: Ok
2025-11-24 04:01:28.674: [INFO][SyncEngineBackend::DoStartSyncing] Start syncing
2025-11-24 04:01:38.805: [INFO][Sync] Started DataTypeManager configuration, reason: 1
2025-11-24 04:01:38.805: [INFO][Sync] Configuring for: Passwords, Extensions, Extension settings, Device Info, User Consents, Send Tab To Self, Web Apps, Saved Tab Group, WebAuthn Credentials, Encryption Keys, reason: 1, current state: 3
2025-11-24 04:01:38.805: [INFO][SyncEngineBackend::DoStartConfiguration] Start configuration
2025-11-24 04:01:38.807: [INFO][Sync] Configure, desired: Passwords, Extensions, Extension settings, Device Info, User Consents, Send Tab To Self, Web Apps, Saved Tab Group, WebAuthn Credentials, Encryption Keys; Allow fail: 
2025-11-24 04:01:38.807: [INFO][Sync] All data types are ready for configure.
2025-11-24 04:01:38.807: [INFO][SyncManagerImpl::ConfigureSyncer] Types to download:  with reason: 1
2025-11-24 04:01:38.807: [INFO][SyncEngineBackend::DoFinishConfigureDataTypes] Failed to download types:  and succeeded types: 
2025-11-24 04:01:38.810: [INFO][Sync] Started DataTypeManager configuration, reason: 1
2025-11-24 04:01:38.810: [INFO][Sync] Configuring for: Passwords, Extensions, Extension settings, Device Info, User Consents, Send Tab To Self, Web Apps, Saved Tab Group, WebAuthn Credentials, Encryption Keys, reason: 1, current state: 1
2025-11-24 04:01:38.822: [INFO][Sync] Started DataTypeManager configuration, reason: 1
2025-11-24 04:01:38.822: [INFO][Sync] Configuring for: Bookmarks, Preferences, Passwords, Autofill Profiles, Autofill, Extensions, Sessions, Extension settings, History Delete Directives, Device Info, User Consents, Send Tab To Self, Web Apps, History, Saved Tab Group, WebAuthn Credentials, Collection, Edge E Drop, Edge Hub App Usage, Edge Wallet, Encryption Keys, reason: 1, current state: 1
2025-11-24 04:01:38.895: [INFO][Sync] ConfigurationDone, failed: , succeeded: , remaining count: 2
2025-11-24 04:01:38.895: [WARN][Sync]     Reconfigure requested while configuration ongoing.
2025-11-24 04:01:38.895: [INFO][Sync] Configuring for: Bookmarks, Preferences, Passwords, Autofill Profiles, Autofill, Extensions, Sessions, Extension settings, History Delete Directives, Device Info, User Consents, Send Tab To Self, Web Apps, History, Saved Tab Group, WebAuthn Credentials, Collection, Edge E Drop, Edge Hub App Usage, Edge Wallet, Encryption Keys, reason: 1, current state: 2
2025-11-24 04:01:38.895: [INFO][Sync] Configure, desired: Bookmarks, Preferences, Passwords, Autofill Profiles, Autofill, Extensions, Sessions, Extension settings, History Delete Directives, Device Info, User Consents, Send Tab To Self, Web Apps, History, Saved Tab Group, WebAuthn Credentials, Collection, Edge E Drop, Edge Hub App Usage, Edge Wallet, Encryption Keys; Allow fail: 
2025-11-24 04:01:38.896: [INFO][Sync] Loading: Bookmarks
2025-11-24 04:01:38.896: [INFO][Sync] Loading: Preferences
2025-11-24 04:01:38.896: [INFO][Sync] Loading: Passwords
2025-11-24 04:01:38.896: [INFO][Sync] Loading: Autofill Profiles
2025-11-24 04:01:38.896: [INFO][Sync] Loading: Autofill
2025-11-24 04:01:38.896: [INFO][Sync] Loading: Extensions
2025-11-24 04:01:38.896: [INFO][Sync] Loading: Sessions
2025-11-24 04:01:38.896: [INFO][Sync] Loading: Extension settings
2025-11-24 04:01:38.896: [INFO][Sync] Loading: History Delete Directives
2025-11-24 04:01:38.896: [INFO][Sync] Loading: Device Info
2025-11-24 04:01:38.896: [INFO][Sync] Loading: User Consents
2025-11-24 04:01:38.896: [INFO][Sync] Loading: Send Tab To Self
2025-11-24 04:01:38.896: [INFO][Sync] Loading: Web Apps
2025-11-24 04:01:38.896: [INFO][Sync] Loading: History
2025-11-24 04:01:38.896: [INFO][Sync] Loading: Saved Tab Group
2025-11-24 04:01:38.896: [INFO][Sync] Loading: WebAuthn Credentials
2025-11-24 04:01:38.896: [INFO][Sync] Loading: Collection
2025-11-24 04:01:38.896: [INFO][Sync] Loading: Edge E Drop
2025-11-24 04:01:38.896: [INFO][Sync] Loading: Edge Hub App Usage
2025-11-24 04:01:38.896: [INFO][Sync] Loading: Edge Wallet
2025-11-24 04:01:38.971: [INFO][Sync] All data types are ready for configure.
2025-11-24 04:01:38.972: [INFO][SyncManagerImpl::NudgeForInitialDownload] Initial download nudge for Bookmarks
2025-11-24 04:01:38.972: [INFO][SyncManagerImpl::NudgeForInitialDownload] Initial download nudge for Preferences
2025-11-24 04:01:38.972: [INFO][SyncManagerImpl::NudgeForInitialDownload] Initial download nudge for Passwords
2025-11-24 04:01:38.973: [INFO][SyncManagerImpl::NudgeForInitialDownload] Initial download nudge for Autofill Profiles
2025-11-24 04:01:38.973: [INFO][SyncManagerImpl::NudgeForInitialDownload] Initial download nudge for Autofill
2025-11-24 04:01:38.973: [INFO][SyncManagerImpl::NudgeForInitialDownload] Initial download nudge for Extensions
2025-11-24 04:01:38.973: [INFO][SyncManagerImpl::NudgeForInitialDownload] Initial download nudge for Sessions
2025-11-24 04:01:38.973: [INFO][SyncManagerImpl::NudgeForInitialDownload] Initial download nudge for Extension settings
2025-11-24 04:01:38.973: [INFO][SyncManagerImpl::NudgeForInitialDownload] Initial download nudge for History Delete Directives
2025-11-24 04:01:38.973: [INFO][SyncManagerImpl::NudgeForInitialDownload] Initial download nudge for Device Info
2025-11-24 04:01:38.973: [INFO][SyncManagerImpl::NudgeForInitialDownload] Initial download nudge for Send Tab To Self
2025-11-24 04:01:38.973: [INFO][SyncManagerImpl::NudgeForInitialDownload] Initial download nudge for Web Apps
2025-11-24 04:01:38.973: [INFO][SyncManagerImpl::NudgeForInitialDownload] Initial download nudge for History
2025-11-24 04:01:38.973: [INFO][SyncManagerImpl::NudgeForInitialDownload] Initial download nudge for Saved Tab Group
2025-11-24 04:01:38.973: [INFO][SyncManagerImpl::NudgeForInitialDownload] Initial download nudge for WebAuthn Credentials
2025-11-24 04:01:38.973: [INFO][SyncManagerImpl::NudgeForInitialDownload] Initial download nudge for Collection
2025-11-24 04:01:38.973: [INFO][SyncManagerImpl::NudgeForInitialDownload] Initial download nudge for Edge E Drop
2025-11-24 04:01:38.973: [INFO][SyncManagerImpl::NudgeForInitialDownload] Initial download nudge for Edge Hub App Usage
2025-11-24 04:01:38.973: [INFO][SyncManagerImpl::NudgeForInitialDownload] Initial download nudge for Edge Wallet
2025-11-24 04:01:38.973: [INFO][SyncManagerImpl::ConfigureSyncer] Types to download:  with reason: 1
2025-11-24 04:01:38.973: [INFO][SyncEngineBackend::DoFinishConfigureDataTypes] Failed to download types:  and succeeded types: 
2025-11-24 04:01:38.974: [INFO][Sync] ConfigurationDone, failed: , succeeded: , remaining count: 4
2025-11-24 04:01:38.974: [INFO][Sync] Prepare to configure types: Preferences, Passwords, Device Info, Send Tab To Self, Edge E Drop, Encryption Keys
2025-11-24 04:01:38.974: [INFO][SyncManagerImpl::ConfigureSyncer] Types to download: Preferences, Passwords, Device Info, Send Tab To Self, Edge E Drop, Encryption Keys with reason: 1
2025-11-24 04:01:38.974: [INFO][SyncSchedulerImpl::DoConfigurationSyncCycleJob] Blocked types:  and types to download: Preferences, Passwords, Device Info, Send Tab To Self, Edge E Drop, Encryption Keys
2025-11-24 04:01:40.575: [INFO][Sync] Reset engine, reason: 0
2025-11-24 04:01:40.575: [INFO][Sync] Reset engine with reason: 0
2025-11-24 04:01:40.575: [INFO][SyncSchedulerImpl::OnSyncNetworkError] Syncer error: Network error (ERR_ABORTED)
2025-11-24 04:01:40.575: [INFO][SyncSchedulerImpl::DoConfigurationSyncCycleJob] Syncer error: Success
2025-11-24 04:06:56.465: [INFO][Sync] SyncState after authenticated was: FeatureCanStart
2025-11-24 04:06:58.593: [INFO][SyncAuthManager::SetLastAuthError] Current auth error: None
2025-11-24 04:06:58.593: [INFO][SyncAuthManager::EdgeLogTokenErrorState] Token error with: None for account type: MSA
2025-11-24 04:06:58.593: [INFO][Sync] Credentials changed for: EdgeSyncKeyDataScope
2025-11-24 04:07:00.098: [INFO][Sync] Try to start sync engine
2025-11-24 04:07:00.112: [INFO][SyncEngineBackend::LoadAndConnectNigoriController] Load and connect Nigori controller
2025-11-24 04:07:00.112: [INFO][SyncEngineBackend::DoInitialize] Control Types added: 
2025-11-24 04:07:00.112: [INFO][SyncManagerImpl::ConfigureSyncer] Types to download:  with reason: 4
2025-11-24 04:07:00.112: [INFO][SyncEngineBackend::DoUpdateKeyDataCredentials] Update key data credentials
2025-11-24 04:07:00.150: [INFO][Sync] Started DataTypeManager configuration, reason: 4
2025-11-24 04:07:00.150: [INFO][Sync] Configuring for: Bookmarks, Preferences, Passwords, Autofill Profiles, Autofill, Extensions, Sessions, Extension settings, History Delete Directives, Device Info, User Consents, Send Tab To Self, Web Apps, History, Saved Tab Group, WebAuthn Credentials, Collection, Edge E Drop, Edge Hub App Usage, Edge Wallet, Encryption Keys, reason: 4, current state: 0
2025-11-24 04:07:00.150: [INFO][SyncEngineBackend::DoStartConfiguration] Start configuration
2025-11-24 04:07:00.153: [INFO][Sync] Configure, desired: Bookmarks, Preferences, Passwords, Autofill Profiles, Autofill, Extensions, Sessions, Extension settings, History Delete Directives, Device Info, User Consents, Send Tab To Self, Web Apps, History, Saved Tab Group, WebAuthn Credentials, Collection, Edge E Drop, Edge Hub App Usage, Edge Wallet, Encryption Keys; Allow fail: 
2025-11-24 04:07:00.153: [INFO][Sync] Loading: Bookmarks
2025-11-24 04:07:00.153: [INFO][Sync] Loading: Preferences
2025-11-24 04:07:00.153: [INFO][Sync] Loading: Passwords
2025-11-24 04:07:00.153: [INFO][Sync] Loading: Autofill Profiles
2025-11-24 04:07:00.153: [INFO][Sync] Loading: Autofill
2025-11-24 04:07:00.153: [INFO][Sync] Loading: Extensions
2025-11-24 04:07:00.154: [INFO][Sync] Loading: Sessions
2025-11-24 04:07:00.154: [INFO][Sync] Loading: Extension settings
2025-11-24 04:07:00.154: [INFO][Sync] Loading: History Delete Directives
2025-11-24 04:07:00.154: [INFO][Sync] Loading: Device Info
2025-11-24 04:07:00.154: [INFO][Sync] Loading: User Consents
2025-11-24 04:07:00.154: [INFO][Sync] Loading: Send Tab To Self
2025-11-24 04:07:00.154: [INFO][Sync] Loading: Web Apps
2025-11-24 04:07:00.154: [INFO][Sync] Loading: History
2025-11-24 04:07:00.154: [INFO][Sync] Loading: Saved Tab Group
2025-11-24 04:07:00.154: [INFO][Sync] Loading: WebAuthn Credentials
2025-11-24 04:07:00.154: [INFO][Sync] Loading: Collection
2025-11-24 04:07:00.154: [INFO][Sync] Loading: Edge E Drop
2025-11-24 04:07:00.154: [INFO][Sync] Loading: Edge Hub App Usage
2025-11-24 04:07:00.154: [INFO][Sync] Loading: Edge Wallet
2025-11-24 04:07:00.180: [INFO][Sync] All data types are ready for configure.
2025-11-24 04:07:00.181: [INFO][SyncManagerImpl::NudgeForInitialDownload] Initial download nudge for Bookmarks
2025-11-24 04:07:00.181: [INFO][SyncManagerImpl::NudgeForInitialDownload] Initial download nudge for Preferences
2025-11-24 04:07:00.181: [INFO][SyncManagerImpl::NudgeForInitialDownload] Initial download nudge for Passwords
2025-11-24 04:07:00.181: [INFO][SyncManagerImpl::NudgeForInitialDownload] Initial download nudge for Autofill Profiles
2025-11-24 04:07:00.181: [INFO][SyncManagerImpl::NudgeForInitialDownload] Initial download nudge for Autofill
2025-11-24 04:07:00.181: [INFO][SyncManagerImpl::NudgeForInitialDownload] Initial download nudge for Extensions
2025-11-24 04:07:00.181: [INFO][SyncManagerImpl::NudgeForInitialDownload] Initial download nudge for Sessions
2025-11-24 04:07:00.181: [INFO][SyncManagerImpl::NudgeForInitialDownload] Initial download nudge for Extension settings
2025-11-24 04:07:00.181: [INFO][SyncManagerImpl::NudgeForInitialDownload] Initial download nudge for History Delete Directives
2025-11-24 04:07:00.181: [INFO][SyncManagerImpl::NudgeForInitialDownload] Initial download nudge for Device Info
2025-11-24 04:07:00.181: [INFO][SyncManagerImpl::NudgeForInitialDownload] Initial download nudge for Send Tab To Self
2025-11-24 04:07:00.181: [INFO][SyncManagerImpl::NudgeForInitialDownload] Initial download nudge for Web Apps
2025-11-24 04:07:00.181: [INFO][SyncManagerImpl::NudgeForInitialDownload] Initial download nudge for History
2025-11-24 04:07:00.181: [INFO][SyncManagerImpl::NudgeForInitialDownload] Initial download nudge for Saved Tab Group
2025-11-24 04:07:00.181: [INFO][SyncManagerImpl::NudgeForInitialDownload] Initial download nudge for WebAuthn Credentials
2025-11-24 04:07:00.181: [INFO][SyncManagerImpl::NudgeForInitialDownload] Initial download nudge for Collection
2025-11-24 04:07:00.181: [INFO][SyncManagerImpl::NudgeForInitialDownload] Initial download nudge for Edge E Drop
2025-11-24 04:07:00.181: [INFO][SyncManagerImpl::NudgeForInitialDownload] Initial download nudge for Edge Hub App Usage
2025-11-24 04:07:00.181: [INFO][SyncManagerImpl::NudgeForInitialDownload] Initial download nudge for Edge Wallet
2025-11-24 04:07:00.181: [INFO][SyncManagerImpl::ConfigureSyncer] Types to download:  with reason: 4
2025-11-24 04:07:00.181: [INFO][SyncEngineBackend::DoFinishConfigureDataTypes] Failed to download types:  and succeeded types: 
2025-11-24 04:07:00.210: [INFO][Sync] ConfigurationDone, failed: , succeeded: , remaining count: 4
2025-11-24 04:07:00.210: [INFO][Sync] Prepare to configure types: Preferences, Passwords, Device Info, Send Tab To Self, Edge E Drop, Encryption Keys
2025-11-24 04:07:00.210: [INFO][SyncManagerImpl::ConfigureSyncer] Types to download: Preferences, Passwords, Device Info, Send Tab To Self, Edge E Drop, Encryption Keys with reason: 4
2025-11-24 04:07:00.211: [INFO][SyncSchedulerImpl::DoConfigurationSyncCycleJob] Configure job was blocked
2025-11-24 04:07:00.233: [INFO][SyncAuthManager::SetLastAuthError] Current auth error: None
2025-11-24 04:07:00.233: [INFO][SyncAuthManager::EdgeLogTokenErrorState] Token error with: None for account type: MSA
2025-11-24 04:07:00.233: [INFO][Sync] Credentials changed for: EdgeSyncScopeNew
2025-11-24 04:07:00.234: [INFO][SyncEngineBackend::DoUpdateCredentials] Update credentials
2025-11-24 04:07:00.234: [INFO][SyncEngineBackend::DoUpdateKeyDataCredentials] Update key data credentials
2025-11-24 04:07:00.234: [INFO][SyncSchedulerImpl::DoConfigurationSyncCycleJob] Blocked types:  and types to download: Preferences, Passwords, Device Info, Send Tab To Self, Edge E Drop, Encryption Keys
2025-11-24 04:07:01.976: [INFO][Sync] Reset engine, reason: 0
2025-11-24 04:07:01.976: [INFO][Sync] Reset engine with reason: 0
2025-11-24 04:07:01.976: [INFO][SyncSchedulerImpl::OnSyncNetworkError] Syncer error: Network error (ERR_ABORTED)
2025-11-24 04:07:01.977: [INFO][SyncSchedulerImpl::DoConfigurationSyncCycleJob] Syncer error: Success
